2025-05-14 19:42:37.148 [pool-3-thread-1] ERROR - Stack trace
java.net.PortUnreachableException
	at java.base/sun.nio.ch.DatagramChannelImpl.receive0(Native Method)
	at java.base/sun.nio.ch.DatagramChannelImpl.receiveIntoNativeBuffer(DatagramChannelImpl.java:750)
	at java.base/sun.nio.ch.DatagramChannelImpl.receive(DatagramChannelImpl.java:736)
	at java.base/sun.nio.ch.DatagramChannelImpl.receive(DatagramChannelImpl.java:543)
	at demo.client/network.ClientReceiver.getAResponse(ClientReceiver.java:23)
	at demo.client/network.ClientTransporter.transport(ClientTransporter.java:60)
	at demo.client/network.Client.work(Client.java:18)
	at demo.client/gui.working_session.MainViewController.lambda$startBackgroundThread$1(MainViewController.java:71)
	at java.base/java.util.concurrent.Executors$RunnableAdapter.call(Executors.java:539)
	at java.base/java.util.concurrent.FutureTask.runAndReset(FutureTask.java:305)
	at java.base/java.util.concurrent.ScheduledThreadPoolExecutor$ScheduledFutureTask.run(ScheduledThreadPoolExecutor.java:305)
	at java.base/java.util.concurrent.ThreadPoolExecutor.runWorker(ThreadPoolExecutor.java:1136)
	at java.base/java.util.concurrent.ThreadPoolExecutor$Worker.run(ThreadPoolExecutor.java:635)
	at java.base/java.lang.Thread.run(Thread.java:840)
2025-05-14 19:48:42.544 [pool-3-thread-1] ERROR - Stack trace
java.net.PortUnreachableException
	at java.base/sun.nio.ch.DatagramChannelImpl.receive0(Native Method)
	at java.base/sun.nio.ch.DatagramChannelImpl.receiveIntoNativeBuffer(DatagramChannelImpl.java:750)
	at java.base/sun.nio.ch.DatagramChannelImpl.receive(DatagramChannelImpl.java:736)
	at java.base/sun.nio.ch.DatagramChannelImpl.receive(DatagramChannelImpl.java:543)
	at demo.client/network.ClientReceiver.getAResponse(ClientReceiver.java:23)
	at demo.client/network.ClientTransporter.transport(ClientTransporter.java:60)
	at demo.client/network.Client.work(Client.java:18)
	at demo.client/gui.working_session.MainViewController.lambda$startBackgroundThread$1(MainViewController.java:71)
	at java.base/java.util.concurrent.Executors$RunnableAdapter.call(Executors.java:539)
	at java.base/java.util.concurrent.FutureTask.runAndReset(FutureTask.java:305)
	at java.base/java.util.concurrent.ScheduledThreadPoolExecutor$ScheduledFutureTask.run(ScheduledThreadPoolExecutor.java:305)
	at java.base/java.util.concurrent.ThreadPoolExecutor.runWorker(ThreadPoolExecutor.java:1136)
	at java.base/java.util.concurrent.ThreadPoolExecutor$Worker.run(ThreadPoolExecutor.java:635)
	at java.base/java.lang.Thread.run(Thread.java:840)
2025-05-14 19:50:15.970 [pool-3-thread-1] ERROR - Stack trace
java.net.PortUnreachableException
	at java.base/sun.nio.ch.DatagramChannelImpl.receive0(Native Method)
	at java.base/sun.nio.ch.DatagramChannelImpl.receiveIntoNativeBuffer(DatagramChannelImpl.java:750)
	at java.base/sun.nio.ch.DatagramChannelImpl.receive(DatagramChannelImpl.java:736)
	at java.base/sun.nio.ch.DatagramChannelImpl.receive(DatagramChannelImpl.java:543)
	at demo.client/network.ClientReceiver.getAResponse(ClientReceiver.java:23)
	at demo.client/network.ClientTransporter.transport(ClientTransporter.java:60)
	at demo.client/network.Client.work(Client.java:18)
	at demo.client/gui.working_session.MainViewController.lambda$startBackgroundThread$1(MainViewController.java:71)
	at java.base/java.util.concurrent.Executors$RunnableAdapter.call(Executors.java:539)
	at java.base/java.util.concurrent.FutureTask.runAndReset(FutureTask.java:305)
	at java.base/java.util.concurrent.ScheduledThreadPoolExecutor$ScheduledFutureTask.run(ScheduledThreadPoolExecutor.java:305)
	at java.base/java.util.concurrent.ThreadPoolExecutor.runWorker(ThreadPoolExecutor.java:1136)
	at java.base/java.util.concurrent.ThreadPoolExecutor$Worker.run(ThreadPoolExecutor.java:635)
	at java.base/java.lang.Thread.run(Thread.java:840)
2025-05-14 20:25:30.543 [pool-3-thread-1] ERROR - Stack trace
java.net.PortUnreachableException
	at java.base/sun.nio.ch.DatagramChannelImpl.receive0(Native Method)
	at java.base/sun.nio.ch.DatagramChannelImpl.receiveIntoNativeBuffer(DatagramChannelImpl.java:750)
	at java.base/sun.nio.ch.DatagramChannelImpl.receive(DatagramChannelImpl.java:736)
	at java.base/sun.nio.ch.DatagramChannelImpl.receive(DatagramChannelImpl.java:543)
	at demo.client/network.ClientReceiver.getAResponse(ClientReceiver.java:23)
	at demo.client/network.ClientTransporter.transport(ClientTransporter.java:60)
	at demo.client/network.Client.work(Client.java:18)
	at demo.client/gui.working_session.MainViewController.lambda$startBackgroundThread$1(MainViewController.java:71)
	at java.base/java.util.concurrent.Executors$RunnableAdapter.call(Executors.java:539)
	at java.base/java.util.concurrent.FutureTask.runAndReset(FutureTask.java:305)
	at java.base/java.util.concurrent.ScheduledThreadPoolExecutor$ScheduledFutureTask.run(ScheduledThreadPoolExecutor.java:305)
	at java.base/java.util.concurrent.ThreadPoolExecutor.runWorker(ThreadPoolExecutor.java:1136)
	at java.base/java.util.concurrent.ThreadPoolExecutor$Worker.run(ThreadPoolExecutor.java:635)
	at java.base/java.lang.Thread.run(Thread.java:840)
2025-05-14 20:27:37.329 [pool-3-thread-1] ERROR - Stack trace
java.net.PortUnreachableException
	at java.base/sun.nio.ch.DatagramChannelImpl.receive0(Native Method)
	at java.base/sun.nio.ch.DatagramChannelImpl.receiveIntoNativeBuffer(DatagramChannelImpl.java:750)
	at java.base/sun.nio.ch.DatagramChannelImpl.receive(DatagramChannelImpl.java:736)
	at java.base/sun.nio.ch.DatagramChannelImpl.receive(DatagramChannelImpl.java:543)
	at demo.client/network.ClientReceiver.getAResponse(ClientReceiver.java:23)
	at demo.client/network.ClientTransporter.transport(ClientTransporter.java:60)
	at demo.client/network.Client.work(Client.java:18)
	at demo.client/gui.working_session.MainViewController.lambda$startBackgroundThread$1(MainViewController.java:71)
	at java.base/java.util.concurrent.Executors$RunnableAdapter.call(Executors.java:539)
	at java.base/java.util.concurrent.FutureTask.runAndReset(FutureTask.java:305)
	at java.base/java.util.concurrent.ScheduledThreadPoolExecutor$ScheduledFutureTask.run(ScheduledThreadPoolExecutor.java:305)
	at java.base/java.util.concurrent.ThreadPoolExecutor.runWorker(ThreadPoolExecutor.java:1136)
	at java.base/java.util.concurrent.ThreadPoolExecutor$Worker.run(ThreadPoolExecutor.java:635)
	at java.base/java.lang.Thread.run(Thread.java:840)
2025-05-14 20:28:19.618 [pool-3-thread-1] ERROR - Stack trace
java.net.PortUnreachableException
	at java.base/sun.nio.ch.DatagramChannelImpl.receive0(Native Method)
	at java.base/sun.nio.ch.DatagramChannelImpl.receiveIntoNativeBuffer(DatagramChannelImpl.java:750)
	at java.base/sun.nio.ch.DatagramChannelImpl.receive(DatagramChannelImpl.java:736)
	at java.base/sun.nio.ch.DatagramChannelImpl.receive(DatagramChannelImpl.java:543)
	at demo.client/network.ClientReceiver.getAResponse(ClientReceiver.java:23)
	at demo.client/network.ClientTransporter.transport(ClientTransporter.java:60)
	at demo.client/network.Client.work(Client.java:18)
	at demo.client/gui.working_session.MainViewController.lambda$startBackgroundThread$1(MainViewController.java:71)
	at java.base/java.util.concurrent.Executors$RunnableAdapter.call(Executors.java:539)
	at java.base/java.util.concurrent.FutureTask.runAndReset(FutureTask.java:305)
	at java.base/java.util.concurrent.ScheduledThreadPoolExecutor$ScheduledFutureTask.run(ScheduledThreadPoolExecutor.java:305)
	at java.base/java.util.concurrent.ThreadPoolExecutor.runWorker(ThreadPoolExecutor.java:1136)
	at java.base/java.util.concurrent.ThreadPoolExecutor$Worker.run(ThreadPoolExecutor.java:635)
	at java.base/java.lang.Thread.run(Thread.java:840)
2025-05-14 20:30:08.708 [pool-3-thread-1] ERROR - Stack trace
java.net.PortUnreachableException
	at java.base/sun.nio.ch.DatagramChannelImpl.receive0(Native Method)
	at java.base/sun.nio.ch.DatagramChannelImpl.receiveIntoNativeBuffer(DatagramChannelImpl.java:750)
	at java.base/sun.nio.ch.DatagramChannelImpl.receive(DatagramChannelImpl.java:736)
	at java.base/sun.nio.ch.DatagramChannelImpl.receive(DatagramChannelImpl.java:543)
	at demo.client/network.ClientReceiver.getAResponse(ClientReceiver.java:23)
	at demo.client/network.ClientTransporter.transport(ClientTransporter.java:60)
	at demo.client/network.Client.work(Client.java:18)
	at demo.client/gui.working_session.MainViewController.lambda$startBackgroundThread$1(MainViewController.java:71)
	at java.base/java.util.concurrent.Executors$RunnableAdapter.call(Executors.java:539)
	at java.base/java.util.concurrent.FutureTask.runAndReset(FutureTask.java:305)
	at java.base/java.util.concurrent.ScheduledThreadPoolExecutor$ScheduledFutureTask.run(ScheduledThreadPoolExecutor.java:305)
	at java.base/java.util.concurrent.ThreadPoolExecutor.runWorker(ThreadPoolExecutor.java:1136)
	at java.base/java.util.concurrent.ThreadPoolExecutor$Worker.run(ThreadPoolExecutor.java:635)
	at java.base/java.lang.Thread.run(Thread.java:840)
2025-05-14 20:31:57.977 [pool-3-thread-1] ERROR - Stack trace
java.net.PortUnreachableException
	at java.base/sun.nio.ch.DatagramChannelImpl.receive0(Native Method)
	at java.base/sun.nio.ch.DatagramChannelImpl.receiveIntoNativeBuffer(DatagramChannelImpl.java:750)
	at java.base/sun.nio.ch.DatagramChannelImpl.receive(DatagramChannelImpl.java:736)
	at java.base/sun.nio.ch.DatagramChannelImpl.receive(DatagramChannelImpl.java:543)
	at demo.client/network.ClientReceiver.getAResponse(ClientReceiver.java:23)
	at demo.client/network.ClientTransporter.transport(ClientTransporter.java:60)
	at demo.client/network.Client.work(Client.java:18)
	at demo.client/gui.working_session.MainViewController.lambda$startBackgroundThread$1(MainViewController.java:71)
	at java.base/java.util.concurrent.Executors$RunnableAdapter.call(Executors.java:539)
	at java.base/java.util.concurrent.FutureTask.runAndReset(FutureTask.java:305)
	at java.base/java.util.concurrent.ScheduledThreadPoolExecutor$ScheduledFutureTask.run(ScheduledThreadPoolExecutor.java:305)
	at java.base/java.util.concurrent.ThreadPoolExecutor.runWorker(ThreadPoolExecutor.java:1136)
	at java.base/java.util.concurrent.ThreadPoolExecutor$Worker.run(ThreadPoolExecutor.java:635)
	at java.base/java.lang.Thread.run(Thread.java:840)
2025-05-14 20:53:56.982 [pool-3-thread-1] ERROR - Stack trace
java.net.PortUnreachableException
	at java.base/sun.nio.ch.DatagramChannelImpl.receive0(Native Method)
	at java.base/sun.nio.ch.DatagramChannelImpl.receiveIntoNativeBuffer(DatagramChannelImpl.java:750)
	at java.base/sun.nio.ch.DatagramChannelImpl.receive(DatagramChannelImpl.java:736)
	at java.base/sun.nio.ch.DatagramChannelImpl.receive(DatagramChannelImpl.java:543)
	at demo.client/network.ClientReceiver.getAResponse(ClientReceiver.java:23)
	at demo.client/network.ClientTransporter.transport(ClientTransporter.java:60)
	at demo.client/network.Client.work(Client.java:18)
	at demo.client/gui.working_session.MainViewController.lambda$startBackgroundThread$1(MainViewController.java:71)
	at java.base/java.util.concurrent.Executors$RunnableAdapter.call(Executors.java:539)
	at java.base/java.util.concurrent.FutureTask.runAndReset(FutureTask.java:305)
	at java.base/java.util.concurrent.ScheduledThreadPoolExecutor$ScheduledFutureTask.run(ScheduledThreadPoolExecutor.java:305)
	at java.base/java.util.concurrent.ThreadPoolExecutor.runWorker(ThreadPoolExecutor.java:1136)
	at java.base/java.util.concurrent.ThreadPoolExecutor$Worker.run(ThreadPoolExecutor.java:635)
	at java.base/java.lang.Thread.run(Thread.java:840)
2025-05-15 02:44:38.315 [pool-3-thread-1] ERROR - Stack trace
java.net.PortUnreachableException
	at java.base/sun.nio.ch.DatagramChannelImpl.receive0(Native Method)
	at java.base/sun.nio.ch.DatagramChannelImpl.receiveIntoNativeBuffer(DatagramChannelImpl.java:750)
	at java.base/sun.nio.ch.DatagramChannelImpl.receive(DatagramChannelImpl.java:736)
	at java.base/sun.nio.ch.DatagramChannelImpl.receive(DatagramChannelImpl.java:543)
	at demo.client/network.ClientReceiver.getAResponse(ClientReceiver.java:23)
	at demo.client/network.ClientTransporter.transport(ClientTransporter.java:60)
	at demo.client/network.Client.work(Client.java:16)
	at demo.client/gui.working_session.MainViewController.lambda$startBackgroundThread$1(MainViewController.java:71)
	at java.base/java.util.concurrent.Executors$RunnableAdapter.call(Executors.java:539)
	at java.base/java.util.concurrent.FutureTask.runAndReset(FutureTask.java:305)
	at java.base/java.util.concurrent.ScheduledThreadPoolExecutor$ScheduledFutureTask.run(ScheduledThreadPoolExecutor.java:305)
	at java.base/java.util.concurrent.ThreadPoolExecutor.runWorker(ThreadPoolExecutor.java:1136)
	at java.base/java.util.concurrent.ThreadPoolExecutor$Worker.run(ThreadPoolExecutor.java:635)
	at java.base/java.lang.Thread.run(Thread.java:840)
2025-05-15 02:48:52.743 [pool-3-thread-1] ERROR - Stack trace
java.net.PortUnreachableException
	at java.base/sun.nio.ch.DatagramChannelImpl.receive0(Native Method)
	at java.base/sun.nio.ch.DatagramChannelImpl.receiveIntoNativeBuffer(DatagramChannelImpl.java:750)
	at java.base/sun.nio.ch.DatagramChannelImpl.receive(DatagramChannelImpl.java:736)
	at java.base/sun.nio.ch.DatagramChannelImpl.receive(DatagramChannelImpl.java:543)
	at demo.client/network.ClientReceiver.getAResponse(ClientReceiver.java:23)
	at demo.client/network.ClientTransporter.transport(ClientTransporter.java:60)
	at demo.client/network.Client.work(Client.java:16)
	at demo.client/gui.working_session.MainViewController.lambda$startBackgroundThread$1(MainViewController.java:71)
	at java.base/java.util.concurrent.Executors$RunnableAdapter.call(Executors.java:539)
	at java.base/java.util.concurrent.FutureTask.runAndReset(FutureTask.java:305)
	at java.base/java.util.concurrent.ScheduledThreadPoolExecutor$ScheduledFutureTask.run(ScheduledThreadPoolExecutor.java:305)
	at java.base/java.util.concurrent.ThreadPoolExecutor.runWorker(ThreadPoolExecutor.java:1136)
	at java.base/java.util.concurrent.ThreadPoolExecutor$Worker.run(ThreadPoolExecutor.java:635)
	at java.base/java.lang.Thread.run(Thread.java:840)
2025-05-15 02:55:54.642 [JavaFX Application Thread] ERROR - Stack trace
java.lang.RuntimeException: java.lang.reflect.InvocationTargetException
	at javafx.fxml/javafx.fxml.FXMLLoader$MethodHandler.invoke(FXMLLoader.java:1857)
	at javafx.fxml/javafx.fxml.FXMLLoader$ControllerMethodEventHandler.handle(FXMLLoader.java:1724)
	at javafx.base/com.sun.javafx.event.CompositeEventHandler.dispatchBubblingEvent(CompositeEventHandler.java:86)
	at javafx.base/com.sun.javafx.event.EventHandlerManager.dispatchBubblingEvent(EventHandlerManager.java:234)
	at javafx.base/com.sun.javafx.event.EventHandlerManager.dispatchBubblingEvent(EventHandlerManager.java:191)
	at javafx.base/com.sun.javafx.event.CompositeEventDispatcher.dispatchBubblingEvent(CompositeEventDispatcher.java:59)
	at javafx.base/com.sun.javafx.event.BasicEventDispatcher.dispatchEvent(BasicEventDispatcher.java:58)
	at javafx.base/com.sun.javafx.event.EventDispatchChainImpl.dispatchEvent(EventDispatchChainImpl.java:114)
	at javafx.base/com.sun.javafx.event.BasicEventDispatcher.dispatchEvent(BasicEventDispatcher.java:56)
	at javafx.base/com.sun.javafx.event.EventDispatchChainImpl.dispatchEvent(EventDispatchChainImpl.java:114)
	at javafx.base/com.sun.javafx.event.BasicEventDispatcher.dispatchEvent(BasicEventDispatcher.java:56)
	at javafx.base/com.sun.javafx.event.EventDispatchChainImpl.dispatchEvent(EventDispatchChainImpl.java:114)
	at javafx.base/com.sun.javafx.event.BasicEventDispatcher.dispatchEvent(BasicEventDispatcher.java:56)
	at javafx.base/com.sun.javafx.event.EventDispatchChainImpl.dispatchEvent(EventDispatchChainImpl.java:114)
	at javafx.base/com.sun.javafx.event.EventUtil.fireEventImpl(EventUtil.java:74)
	at javafx.base/com.sun.javafx.event.EventUtil.fireEvent(EventUtil.java:49)
	at javafx.base/javafx.event.Event.fireEvent(Event.java:198)
	at javafx.graphics/javafx.scene.Node.fireEvent(Node.java:8792)
	at javafx.controls/javafx.scene.control.Button.fire(Button.java:203)
	at javafx.controls/com.sun.javafx.scene.control.behavior.ButtonBehavior.mouseReleased(ButtonBehavior.java:208)
	at javafx.controls/com.sun.javafx.scene.control.inputmap.InputMap.handle(InputMap.java:274)
	at javafx.base/com.sun.javafx.event.CompositeEventHandler$NormalEventHandlerRecord.handleBubblingEvent(CompositeEventHandler.java:247)
	at javafx.base/com.sun.javafx.event.CompositeEventHandler.dispatchBubblingEvent(CompositeEventHandler.java:80)
	at javafx.base/com.sun.javafx.event.EventHandlerManager.dispatchBubblingEvent(EventHandlerManager.java:234)
	at javafx.base/com.sun.javafx.event.EventHandlerManager.dispatchBubblingEvent(EventHandlerManager.java:191)
	at javafx.base/com.sun.javafx.event.CompositeEventDispatcher.dispatchBubblingEvent(CompositeEventDispatcher.java:59)
	at javafx.base/com.sun.javafx.event.BasicEventDispatcher.dispatchEvent(BasicEventDispatcher.java:58)
	at javafx.base/com.sun.javafx.event.EventDispatchChainImpl.dispatchEvent(EventDispatchChainImpl.java:114)
	at javafx.base/com.sun.javafx.event.BasicEventDispatcher.dispatchEvent(BasicEventDispatcher.java:56)
	at javafx.base/com.sun.javafx.event.EventDispatchChainImpl.dispatchEvent(EventDispatchChainImpl.java:114)
	at javafx.base/com.sun.javafx.event.BasicEventDispatcher.dispatchEvent(BasicEventDispatcher.java:56)
	at javafx.base/com.sun.javafx.event.EventDispatchChainImpl.dispatchEvent(EventDispatchChainImpl.java:114)
	at javafx.base/com.sun.javafx.event.BasicEventDispatcher.dispatchEvent(BasicEventDispatcher.java:56)
	at javafx.base/com.sun.javafx.event.EventDispatchChainImpl.dispatchEvent(EventDispatchChainImpl.java:114)
	at javafx.base/com.sun.javafx.event.EventUtil.fireEventImpl(EventUtil.java:74)
	at javafx.base/com.sun.javafx.event.EventUtil.fireEvent(EventUtil.java:54)
	at javafx.base/javafx.event.Event.fireEvent(Event.java:198)
	at javafx.graphics/javafx.scene.Scene$MouseHandler.process(Scene.java:3897)
	at javafx.graphics/javafx.scene.Scene.processMouseEvent(Scene.java:1878)
	at javafx.graphics/javafx.scene.Scene$ScenePeerListener.mouseEvent(Scene.java:2623)
	at javafx.graphics/com.sun.javafx.tk.quantum.GlassViewEventHandler$MouseEventNotification.run(GlassViewEventHandler.java:411)
	at javafx.graphics/com.sun.javafx.tk.quantum.GlassViewEventHandler$MouseEventNotification.run(GlassViewEventHandler.java:301)
	at java.base/java.security.AccessController.doPrivileged(AccessController.java:399)
	at javafx.graphics/com.sun.javafx.tk.quantum.GlassViewEventHandler.lambda$handleMouseEvent$2(GlassViewEventHandler.java:450)
	at javafx.graphics/com.sun.javafx.tk.quantum.QuantumToolkit.runWithoutRenderLock(QuantumToolkit.java:424)
	at javafx.graphics/com.sun.javafx.tk.quantum.GlassViewEventHandler.handleMouseEvent(GlassViewEventHandler.java:449)
	at javafx.graphics/com.sun.glass.ui.View.handleMouseEvent(View.java:557)
	at javafx.graphics/com.sun.glass.ui.View.notifyMouse(View.java:943)
	at javafx.graphics/com.sun.glass.ui.gtk.GtkApplication._runLoop(Native Method)
	at javafx.graphics/com.sun.glass.ui.gtk.GtkApplication.lambda$runLoop$11(GtkApplication.java:290)
	at java.base/java.lang.Thread.run(Thread.java:840)
Caused by: java.lang.reflect.InvocationTargetException
	at java.base/jdk.internal.reflect.NativeMethodAccessorImpl.invoke0(Native Method)
	at java.base/jdk.internal.reflect.NativeMethodAccessorImpl.invoke(NativeMethodAccessorImpl.java:77)
	at java.base/jdk.internal.reflect.DelegatingMethodAccessorImpl.invoke(DelegatingMethodAccessorImpl.java:43)
	at java.base/java.lang.reflect.Method.invoke(Method.java:569)
	at com.sun.javafx.reflect.Trampoline.invoke(MethodUtil.java:77)
	at jdk.internal.reflect.GeneratedMethodAccessor2.invoke(Unknown Source)
	at java.base/jdk.internal.reflect.DelegatingMethodAccessorImpl.invoke(DelegatingMethodAccessorImpl.java:43)
	at java.base/java.lang.reflect.Method.invoke(Method.java:569)
	at javafx.base/com.sun.javafx.reflect.MethodUtil.invoke(MethodUtil.java:275)
	at javafx.fxml/com.sun.javafx.fxml.MethodHelper.invoke(MethodHelper.java:84)
	at javafx.fxml/javafx.fxml.FXMLLoader$MethodHandler.invoke(FXMLLoader.java:1852)
	... 50 more
Caused by: java.lang.NullPointerException
	at java.base/java.util.Objects.requireNonNull(Objects.java:209)
	at demo.client/gui.utilities.tools.FXMLLoaderUlti.changeSceneWithoutHistory(FXMLLoaderUlti.java:27)
	at demo.client/gui.working_session.TableViewController.handleSignOutButtonClicked(TableViewController.java:135)
	... 61 more
2025-05-15 03:19:18.955 [pool-3-thread-1] ERROR - Stack trace
java.nio.channels.ClosedByInterruptException
	at java.base/java.nio.channels.spi.AbstractInterruptibleChannel.end(AbstractInterruptibleChannel.java:199)
	at java.base/sun.nio.ch.DatagramChannelImpl.endWrite(DatagramChannelImpl.java:1034)
	at java.base/sun.nio.ch.DatagramChannelImpl.send(DatagramChannelImpl.java:831)
	at demo.client/network.ClientSender.sendPacket(ClientSender.java:29)
	at demo.client/network.ClientTransporter.transport(ClientTransporter.java:59)
	at demo.client/network.Client.work(Client.java:16)
	at demo.client/gui.working_session.MainViewController.lambda$startBackgroundThread$1(MainViewController.java:72)
	at java.base/java.util.concurrent.Executors$RunnableAdapter.call(Executors.java:539)
	at java.base/java.util.concurrent.FutureTask.runAndReset(FutureTask.java:305)
	at java.base/java.util.concurrent.ScheduledThreadPoolExecutor$ScheduledFutureTask.run(ScheduledThreadPoolExecutor.java:305)
	at java.base/java.util.concurrent.ThreadPoolExecutor.runWorker(ThreadPoolExecutor.java:1136)
	at java.base/java.util.concurrent.ThreadPoolExecutor$Worker.run(ThreadPoolExecutor.java:635)
	at java.base/java.lang.Thread.run(Thread.java:840)
2025-05-15 03:19:43.102 [pool-4-thread-1] ERROR - Stack trace
java.nio.channels.ClosedByInterruptException
	at java.base/java.nio.channels.spi.AbstractInterruptibleChannel.end(AbstractInterruptibleChannel.java:199)
	at java.base/sun.nio.ch.DatagramChannelImpl.endWrite(DatagramChannelImpl.java:1034)
	at java.base/sun.nio.ch.DatagramChannelImpl.send(DatagramChannelImpl.java:831)
	at demo.client/network.ClientSender.sendPacket(ClientSender.java:29)
	at demo.client/network.ClientTransporter.transport(ClientTransporter.java:59)
	at demo.client/network.Client.work(Client.java:16)
	at demo.client/gui.working_session.MainViewController.lambda$startBackgroundThread$1(MainViewController.java:72)
	at java.base/java.util.concurrent.Executors$RunnableAdapter.call(Executors.java:539)
	at java.base/java.util.concurrent.FutureTask.runAndReset(FutureTask.java:305)
	at java.base/java.util.concurrent.ScheduledThreadPoolExecutor$ScheduledFutureTask.run(ScheduledThreadPoolExecutor.java:305)
	at java.base/java.util.concurrent.ThreadPoolExecutor.runWorker(ThreadPoolExecutor.java:1136)
	at java.base/java.util.concurrent.ThreadPoolExecutor$Worker.run(ThreadPoolExecutor.java:635)
	at java.base/java.lang.Thread.run(Thread.java:840)
2025-05-15 03:20:24.243 [pool-3-thread-1] ERROR - Stack trace
java.nio.channels.ClosedByInterruptException
	at java.base/java.nio.channels.spi.AbstractInterruptibleChannel.end(AbstractInterruptibleChannel.java:199)
	at java.base/sun.nio.ch.DatagramChannelImpl.endWrite(DatagramChannelImpl.java:1034)
	at java.base/sun.nio.ch.DatagramChannelImpl.send(DatagramChannelImpl.java:831)
	at demo.client/network.ClientSender.sendPacket(ClientSender.java:29)
	at demo.client/network.ClientTransporter.transport(ClientTransporter.java:59)
	at demo.client/network.Client.work(Client.java:16)
	at demo.client/gui.working_session.MainViewController.lambda$startBackgroundThread$1(MainViewController.java:72)
	at java.base/java.util.concurrent.Executors$RunnableAdapter.call(Executors.java:539)
	at java.base/java.util.concurrent.FutureTask.runAndReset(FutureTask.java:305)
	at java.base/java.util.concurrent.ScheduledThreadPoolExecutor$ScheduledFutureTask.run(ScheduledThreadPoolExecutor.java:305)
	at java.base/java.util.concurrent.ThreadPoolExecutor.runWorker(ThreadPoolExecutor.java:1136)
	at java.base/java.util.concurrent.ThreadPoolExecutor$Worker.run(ThreadPoolExecutor.java:635)
	at java.base/java.lang.Thread.run(Thread.java:840)
2025-05-15 03:47:13.405 [pool-3-thread-1] ERROR - Stack trace
java.net.PortUnreachableException
	at java.base/sun.nio.ch.DatagramChannelImpl.receive0(Native Method)
	at java.base/sun.nio.ch.DatagramChannelImpl.receiveIntoNativeBuffer(DatagramChannelImpl.java:750)
	at java.base/sun.nio.ch.DatagramChannelImpl.receive(DatagramChannelImpl.java:736)
	at java.base/sun.nio.ch.DatagramChannelImpl.receive(DatagramChannelImpl.java:543)
	at demo.client/network.ClientReceiver.getAResponse(ClientReceiver.java:23)
	at demo.client/network.ClientTransporter.transport(ClientTransporter.java:60)
	at demo.client/network.Client.work(Client.java:16)
	at demo.client/gui.working_session.MainViewController.lambda$startBackgroundThread$1(MainViewController.java:75)
	at java.base/java.util.concurrent.Executors$RunnableAdapter.call(Executors.java:539)
	at java.base/java.util.concurrent.FutureTask.runAndReset(FutureTask.java:305)
	at java.base/java.util.concurrent.ScheduledThreadPoolExecutor$ScheduledFutureTask.run(ScheduledThreadPoolExecutor.java:305)
	at java.base/java.util.concurrent.ThreadPoolExecutor.runWorker(ThreadPoolExecutor.java:1136)
	at java.base/java.util.concurrent.ThreadPoolExecutor$Worker.run(ThreadPoolExecutor.java:635)
	at java.base/java.lang.Thread.run(Thread.java:840)
