2025-05-04 01:38:01.764 [main] ERROR - Stack trace
org.postgresql.util.PSQLException: Connection to localhost:5656 refused. Check that the hostname and port are correct and that the postmaster is accepting TCP/IP connections.
	at org.postgresql.core.v3.ConnectionFactoryImpl.openConnectionImpl(ConnectionFactoryImpl.java:346)
	at org.postgresql.core.ConnectionFactory.openConnection(ConnectionFactory.java:54)
	at org.postgresql.jdbc.PgConnection.<init>(PgConnection.java:273)
	at org.postgresql.Driver.makeConnection(Driver.java:446)
	at org.postgresql.Driver.connect(Driver.java:298)
	at java.sql/java.sql.DriverManager.getConnection(DriverManager.java:681)
	at java.sql/java.sql.DriverManager.getConnection(DriverManager.java:229)
	at database.ConnectionCreator.getConnection(ConnectionCreator.java:45)
	at database.DatabaseManager.uploadData(DatabaseManager.java:189)
	at database.CollectionManager.uploadData(CollectionManager.java:380)
	at network.Processor.init(Processor.java:54)
	at network.Transporter.init(Transporter.java:49)
	at iostream.Main.main(Main.java:23)
Caused by: java.net.ConnectException: Connection refused
	at java.base/sun.nio.ch.Net.pollConnect(Native Method)
	at java.base/sun.nio.ch.Net.pollConnectNow(Net.java:672)
	at java.base/sun.nio.ch.NioSocketImpl.timedFinishConnect(NioSocketImpl.java:547)
	at java.base/sun.nio.ch.NioSocketImpl.connect(NioSocketImpl.java:602)
	at java.base/java.net.SocksSocketImpl.connect(SocksSocketImpl.java:327)
	at java.base/java.net.Socket.connect(Socket.java:633)
	at org.postgresql.core.PGStream.createSocket(PGStream.java:243)
	at org.postgresql.core.PGStream.<init>(PGStream.java:98)
	at org.postgresql.core.v3.ConnectionFactoryImpl.tryConnect(ConnectionFactoryImpl.java:136)
	at org.postgresql.core.v3.ConnectionFactoryImpl.openConnectionImpl(ConnectionFactoryImpl.java:262)
	... 12 more
2025-05-04 01:38:01.766 [main] ERROR - Stack trace
Data upload failed
	at database.DatabaseManager.uploadData(DatabaseManager.java:194)
	at database.CollectionManager.uploadData(CollectionManager.java:380)
	at network.Processor.init(Processor.java:54)
	at network.Transporter.init(Transporter.java:49)
	at iostream.Main.main(Main.java:23)
2025-05-04 01:40:16.006 [main] ERROR - Stack trace
org.postgresql.util.PSQLException: Connection to localhost:5656 refused. Check that the hostname and port are correct and that the postmaster is accepting TCP/IP connections.
	at org.postgresql.core.v3.ConnectionFactoryImpl.openConnectionImpl(ConnectionFactoryImpl.java:346)
	at org.postgresql.core.ConnectionFactory.openConnection(ConnectionFactory.java:54)
	at org.postgresql.jdbc.PgConnection.<init>(PgConnection.java:273)
	at org.postgresql.Driver.makeConnection(Driver.java:446)
	at org.postgresql.Driver.connect(Driver.java:298)
	at java.sql/java.sql.DriverManager.getConnection(DriverManager.java:681)
	at java.sql/java.sql.DriverManager.getConnection(DriverManager.java:229)
	at database.ConnectionCreator.getConnection(ConnectionCreator.java:45)
	at database.DatabaseManager.uploadData(DatabaseManager.java:189)
	at database.CollectionManager.uploadData(CollectionManager.java:380)
	at network.Processor.init(Processor.java:54)
	at network.Transporter.init(Transporter.java:49)
	at iostream.Main.main(Main.java:23)
Caused by: java.net.ConnectException: Connection refused
	at java.base/sun.nio.ch.Net.pollConnect(Native Method)
	at java.base/sun.nio.ch.Net.pollConnectNow(Net.java:672)
	at java.base/sun.nio.ch.NioSocketImpl.timedFinishConnect(NioSocketImpl.java:547)
	at java.base/sun.nio.ch.NioSocketImpl.connect(NioSocketImpl.java:602)
	at java.base/java.net.SocksSocketImpl.connect(SocksSocketImpl.java:327)
	at java.base/java.net.Socket.connect(Socket.java:633)
	at org.postgresql.core.PGStream.createSocket(PGStream.java:243)
	at org.postgresql.core.PGStream.<init>(PGStream.java:98)
	at org.postgresql.core.v3.ConnectionFactoryImpl.tryConnect(ConnectionFactoryImpl.java:136)
	at org.postgresql.core.v3.ConnectionFactoryImpl.openConnectionImpl(ConnectionFactoryImpl.java:262)
	... 12 more
2025-05-04 01:40:16.007 [main] ERROR - Stack trace
Data upload failed
	at database.DatabaseManager.uploadData(DatabaseManager.java:194)
	at database.CollectionManager.uploadData(CollectionManager.java:380)
	at network.Processor.init(Processor.java:54)
	at network.Transporter.init(Transporter.java:49)
	at iostream.Main.main(Main.java:23)
2025-05-04 01:43:03.320 [main] ERROR - Stack trace
org.postgresql.util.PSQLException: Connection to localhost:5656 refused. Check that the hostname and port are correct and that the postmaster is accepting TCP/IP connections.
	at org.postgresql.core.v3.ConnectionFactoryImpl.openConnectionImpl(ConnectionFactoryImpl.java:346)
	at org.postgresql.core.ConnectionFactory.openConnection(ConnectionFactory.java:54)
	at org.postgresql.jdbc.PgConnection.<init>(PgConnection.java:273)
	at org.postgresql.Driver.makeConnection(Driver.java:446)
	at org.postgresql.Driver.connect(Driver.java:298)
	at java.sql/java.sql.DriverManager.getConnection(DriverManager.java:681)
	at java.sql/java.sql.DriverManager.getConnection(DriverManager.java:229)
	at database.ConnectionCreator.getConnection(ConnectionCreator.java:45)
	at database.DatabaseManager.uploadData(DatabaseManager.java:189)
	at database.CollectionManager.uploadData(CollectionManager.java:380)
	at network.Processor.init(Processor.java:54)
	at network.Transporter.init(Transporter.java:49)
	at iostream.Main.main(Main.java:23)
Caused by: java.net.ConnectException: Connection refused
	at java.base/sun.nio.ch.Net.pollConnect(Native Method)
	at java.base/sun.nio.ch.Net.pollConnectNow(Net.java:672)
	at java.base/sun.nio.ch.NioSocketImpl.timedFinishConnect(NioSocketImpl.java:547)
	at java.base/sun.nio.ch.NioSocketImpl.connect(NioSocketImpl.java:602)
	at java.base/java.net.SocksSocketImpl.connect(SocksSocketImpl.java:327)
	at java.base/java.net.Socket.connect(Socket.java:633)
	at org.postgresql.core.PGStream.createSocket(PGStream.java:243)
	at org.postgresql.core.PGStream.<init>(PGStream.java:98)
	at org.postgresql.core.v3.ConnectionFactoryImpl.tryConnect(ConnectionFactoryImpl.java:136)
	at org.postgresql.core.v3.ConnectionFactoryImpl.openConnectionImpl(ConnectionFactoryImpl.java:262)
	... 12 more
2025-05-04 01:43:03.321 [main] ERROR - Stack trace
Data upload failed
	at database.DatabaseManager.uploadData(DatabaseManager.java:194)
	at database.CollectionManager.uploadData(CollectionManager.java:380)
	at network.Processor.init(Processor.java:54)
	at network.Transporter.init(Transporter.java:49)
	at iostream.Main.main(Main.java:23)
2025-05-04 01:43:56.605 [ForkJoinPool-1-worker-2] ERROR - Stack trace
java.lang.InterruptedException: sleep interrupted
	at java.base/java.lang.Thread.sleep(Native Method)
	at network.Processor.call(Processor.java:100)
	at network.Processor.call(Processor.java:26)
	at java.base/java.util.concurrent.ForkJoinTask$AdaptedCallable.exec(ForkJoinTask.java:1428)
	at java.base/java.util.concurrent.ForkJoinTask.doExec(ForkJoinTask.java:373)
	at java.base/java.util.concurrent.ForkJoinPool$WorkQueue.topLevelExec(ForkJoinPool.java:1182)
	at java.base/java.util.concurrent.ForkJoinPool.scan(ForkJoinPool.java:1655)
	at java.base/java.util.concurrent.ForkJoinPool.runWorker(ForkJoinPool.java:1622)
	at java.base/java.util.concurrent.ForkJoinWorkerThread.run(ForkJoinWorkerThread.java:165)
2025-05-04 01:43:56.605 [pool-2-thread-2] ERROR - Stack trace
java.lang.InterruptedException
	at java.base/java.util.concurrent.locks.AbstractQueuedSynchronizer$ConditionObject.await(AbstractQueuedSynchronizer.java:1645)
	at java.base/java.util.concurrent.LinkedBlockingQueue.take(LinkedBlockingQueue.java:435)
	at network.Sender.call(Sender.java:50)
	at network.Sender.call(Sender.java:16)
	at java.base/java.util.concurrent.FutureTask.run(FutureTask.java:264)
	at java.base/java.util.concurrent.ThreadPoolExecutor.runWorker(ThreadPoolExecutor.java:1136)
	at java.base/java.util.concurrent.ThreadPoolExecutor$Worker.run(ThreadPoolExecutor.java:635)
	at java.base/java.lang.Thread.run(Thread.java:840)
2025-05-04 16:43:38.272 [main] ERROR - Stack trace
org.postgresql.util.PSQLException: Connection to localhost:5656 refused. Check that the hostname and port are correct and that the postmaster is accepting TCP/IP connections.
	at org.postgresql.core.v3.ConnectionFactoryImpl.openConnectionImpl(ConnectionFactoryImpl.java:346)
	at org.postgresql.core.ConnectionFactory.openConnection(ConnectionFactory.java:54)
	at org.postgresql.jdbc.PgConnection.<init>(PgConnection.java:273)
	at org.postgresql.Driver.makeConnection(Driver.java:446)
	at org.postgresql.Driver.connect(Driver.java:298)
	at java.sql/java.sql.DriverManager.getConnection(DriverManager.java:681)
	at java.sql/java.sql.DriverManager.getConnection(DriverManager.java:229)
	at database.ConnectionCreator.getConnection(ConnectionCreator.java:45)
	at database.DatabaseManager.uploadData(DatabaseManager.java:189)
	at database.CollectionManager.uploadData(CollectionManager.java:380)
	at network.Processor.init(Processor.java:54)
	at network.Transporter.init(Transporter.java:49)
	at iostream.Main.main(Main.java:23)
Caused by: java.net.ConnectException: Connection refused
	at java.base/sun.nio.ch.Net.pollConnect(Native Method)
	at java.base/sun.nio.ch.Net.pollConnectNow(Net.java:672)
	at java.base/sun.nio.ch.NioSocketImpl.timedFinishConnect(NioSocketImpl.java:547)
	at java.base/sun.nio.ch.NioSocketImpl.connect(NioSocketImpl.java:602)
	at java.base/java.net.SocksSocketImpl.connect(SocksSocketImpl.java:327)
	at java.base/java.net.Socket.connect(Socket.java:633)
	at org.postgresql.core.PGStream.createSocket(PGStream.java:243)
	at org.postgresql.core.PGStream.<init>(PGStream.java:98)
	at org.postgresql.core.v3.ConnectionFactoryImpl.tryConnect(ConnectionFactoryImpl.java:136)
	at org.postgresql.core.v3.ConnectionFactoryImpl.openConnectionImpl(ConnectionFactoryImpl.java:262)
	... 12 more
2025-05-04 16:43:38.273 [main] ERROR - Stack trace
Data upload failed
	at database.DatabaseManager.uploadData(DatabaseManager.java:194)
	at database.CollectionManager.uploadData(CollectionManager.java:380)
	at network.Processor.init(Processor.java:54)
	at network.Transporter.init(Transporter.java:49)
	at iostream.Main.main(Main.java:23)
2025-05-06 15:10:44.264 [main] ERROR - Stack trace
org.postgresql.util.PSQLException: Connection to localhost:5656 refused. Check that the hostname and port are correct and that the postmaster is accepting TCP/IP connections.
	at org.postgresql.core.v3.ConnectionFactoryImpl.openConnectionImpl(ConnectionFactoryImpl.java:346)
	at org.postgresql.core.ConnectionFactory.openConnection(ConnectionFactory.java:54)
	at org.postgresql.jdbc.PgConnection.<init>(PgConnection.java:273)
	at org.postgresql.Driver.makeConnection(Driver.java:446)
	at org.postgresql.Driver.connect(Driver.java:298)
	at java.sql/java.sql.DriverManager.getConnection(DriverManager.java:681)
	at java.sql/java.sql.DriverManager.getConnection(DriverManager.java:229)
	at database.ConnectionCreator.getConnection(ConnectionCreator.java:45)
	at database.DatabaseManager.uploadData(DatabaseManager.java:189)
	at database.CollectionManager.uploadData(CollectionManager.java:380)
	at network.Processor.init(Processor.java:54)
	at network.Transporter.init(Transporter.java:49)
	at iostream.Main.main(Main.java:23)
Caused by: java.net.ConnectException: Connection refused
	at java.base/sun.nio.ch.Net.pollConnect(Native Method)
	at java.base/sun.nio.ch.Net.pollConnectNow(Net.java:672)
	at java.base/sun.nio.ch.NioSocketImpl.timedFinishConnect(NioSocketImpl.java:547)
	at java.base/sun.nio.ch.NioSocketImpl.connect(NioSocketImpl.java:602)
	at java.base/java.net.SocksSocketImpl.connect(SocksSocketImpl.java:327)
	at java.base/java.net.Socket.connect(Socket.java:633)
	at org.postgresql.core.PGStream.createSocket(PGStream.java:243)
	at org.postgresql.core.PGStream.<init>(PGStream.java:98)
	at org.postgresql.core.v3.ConnectionFactoryImpl.tryConnect(ConnectionFactoryImpl.java:136)
	at org.postgresql.core.v3.ConnectionFactoryImpl.openConnectionImpl(ConnectionFactoryImpl.java:262)
	... 12 more
2025-05-06 15:10:44.266 [main] ERROR - Stack trace
Data upload failed
	at database.DatabaseManager.uploadData(DatabaseManager.java:194)
	at database.CollectionManager.uploadData(CollectionManager.java:380)
	at network.Processor.init(Processor.java:54)
	at network.Transporter.init(Transporter.java:49)
	at iostream.Main.main(Main.java:23)
2025-05-06 15:13:35.313 [main] ERROR - Stack trace
org.postgresql.util.PSQLException: Connection to localhost:5656 refused. Check that the hostname and port are correct and that the postmaster is accepting TCP/IP connections.
	at org.postgresql.core.v3.ConnectionFactoryImpl.openConnectionImpl(ConnectionFactoryImpl.java:346)
	at org.postgresql.core.ConnectionFactory.openConnection(ConnectionFactory.java:54)
	at org.postgresql.jdbc.PgConnection.<init>(PgConnection.java:273)
	at org.postgresql.Driver.makeConnection(Driver.java:446)
	at org.postgresql.Driver.connect(Driver.java:298)
	at java.sql/java.sql.DriverManager.getConnection(DriverManager.java:681)
	at java.sql/java.sql.DriverManager.getConnection(DriverManager.java:229)
	at database.ConnectionCreator.getConnection(ConnectionCreator.java:45)
	at database.DatabaseManager.uploadData(DatabaseManager.java:189)
	at database.CollectionManager.uploadData(CollectionManager.java:380)
	at network.Processor.init(Processor.java:54)
	at network.Transporter.init(Transporter.java:49)
	at iostream.Main.main(Main.java:23)
Caused by: java.net.ConnectException: Connection refused
	at java.base/sun.nio.ch.Net.pollConnect(Native Method)
	at java.base/sun.nio.ch.Net.pollConnectNow(Net.java:672)
	at java.base/sun.nio.ch.NioSocketImpl.timedFinishConnect(NioSocketImpl.java:547)
	at java.base/sun.nio.ch.NioSocketImpl.connect(NioSocketImpl.java:602)
	at java.base/java.net.SocksSocketImpl.connect(SocksSocketImpl.java:327)
	at java.base/java.net.Socket.connect(Socket.java:633)
	at org.postgresql.core.PGStream.createSocket(PGStream.java:243)
	at org.postgresql.core.PGStream.<init>(PGStream.java:98)
	at org.postgresql.core.v3.ConnectionFactoryImpl.tryConnect(ConnectionFactoryImpl.java:136)
	at org.postgresql.core.v3.ConnectionFactoryImpl.openConnectionImpl(ConnectionFactoryImpl.java:262)
	... 12 more
2025-05-06 15:13:35.314 [main] ERROR - Stack trace
Data upload failed
	at database.DatabaseManager.uploadData(DatabaseManager.java:194)
	at database.CollectionManager.uploadData(CollectionManager.java:380)
	at network.Processor.init(Processor.java:54)
	at network.Transporter.init(Transporter.java:49)
	at iostream.Main.main(Main.java:23)
2025-05-06 15:31:01.617 [main] ERROR - Stack trace
org.postgresql.util.PSQLException: Connection to localhost:5656 refused. Check that the hostname and port are correct and that the postmaster is accepting TCP/IP connections.
	at org.postgresql.core.v3.ConnectionFactoryImpl.openConnectionImpl(ConnectionFactoryImpl.java:346)
	at org.postgresql.core.ConnectionFactory.openConnection(ConnectionFactory.java:54)
	at org.postgresql.jdbc.PgConnection.<init>(PgConnection.java:273)
	at org.postgresql.Driver.makeConnection(Driver.java:446)
	at org.postgresql.Driver.connect(Driver.java:298)
	at java.sql/java.sql.DriverManager.getConnection(DriverManager.java:681)
	at java.sql/java.sql.DriverManager.getConnection(DriverManager.java:229)
	at database.ConnectionCreator.getConnection(ConnectionCreator.java:45)
	at database.DatabaseManager.uploadData(DatabaseManager.java:189)
	at database.CollectionManager.uploadData(CollectionManager.java:380)
	at network.Processor.init(Processor.java:54)
	at network.Transporter.init(Transporter.java:49)
	at iostream.Main.main(Main.java:23)
Caused by: java.net.ConnectException: Connection refused
	at java.base/sun.nio.ch.Net.pollConnect(Native Method)
	at java.base/sun.nio.ch.Net.pollConnectNow(Net.java:672)
	at java.base/sun.nio.ch.NioSocketImpl.timedFinishConnect(NioSocketImpl.java:547)
	at java.base/sun.nio.ch.NioSocketImpl.connect(NioSocketImpl.java:602)
	at java.base/java.net.SocksSocketImpl.connect(SocksSocketImpl.java:327)
	at java.base/java.net.Socket.connect(Socket.java:633)
	at org.postgresql.core.PGStream.createSocket(PGStream.java:243)
	at org.postgresql.core.PGStream.<init>(PGStream.java:98)
	at org.postgresql.core.v3.ConnectionFactoryImpl.tryConnect(ConnectionFactoryImpl.java:136)
	at org.postgresql.core.v3.ConnectionFactoryImpl.openConnectionImpl(ConnectionFactoryImpl.java:262)
	... 12 more
2025-05-06 15:31:01.618 [main] ERROR - Stack trace
Data upload failed
	at database.DatabaseManager.uploadData(DatabaseManager.java:194)
	at database.CollectionManager.uploadData(CollectionManager.java:380)
	at network.Processor.init(Processor.java:54)
	at network.Transporter.init(Transporter.java:49)
	at iostream.Main.main(Main.java:23)
2025-05-09 00:16:41.364 [main] ERROR - Stack trace
org.postgresql.util.PSQLException: Connection to localhost:5656 refused. Check that the hostname and port are correct and that the postmaster is accepting TCP/IP connections.
	at org.postgresql.core.v3.ConnectionFactoryImpl.openConnectionImpl(ConnectionFactoryImpl.java:346)
	at org.postgresql.core.ConnectionFactory.openConnection(ConnectionFactory.java:54)
	at org.postgresql.jdbc.PgConnection.<init>(PgConnection.java:273)
	at org.postgresql.Driver.makeConnection(Driver.java:446)
	at org.postgresql.Driver.connect(Driver.java:298)
	at java.sql/java.sql.DriverManager.getConnection(DriverManager.java:681)
	at java.sql/java.sql.DriverManager.getConnection(DriverManager.java:229)
	at database.ConnectionCreator.getConnection(ConnectionCreator.java:45)
	at database.DatabaseManager.uploadData(DatabaseManager.java:189)
	at database.CollectionManager.uploadData(CollectionManager.java:380)
	at network.Processor.init(Processor.java:54)
	at network.Transporter.init(Transporter.java:49)
	at iostream.Main.main(Main.java:23)
Caused by: java.net.ConnectException: Connection refused
	at java.base/sun.nio.ch.Net.pollConnect(Native Method)
	at java.base/sun.nio.ch.Net.pollConnectNow(Net.java:672)
	at java.base/sun.nio.ch.NioSocketImpl.timedFinishConnect(NioSocketImpl.java:547)
	at java.base/sun.nio.ch.NioSocketImpl.connect(NioSocketImpl.java:602)
	at java.base/java.net.SocksSocketImpl.connect(SocksSocketImpl.java:327)
	at java.base/java.net.Socket.connect(Socket.java:633)
	at org.postgresql.core.PGStream.createSocket(PGStream.java:243)
	at org.postgresql.core.PGStream.<init>(PGStream.java:98)
	at org.postgresql.core.v3.ConnectionFactoryImpl.tryConnect(ConnectionFactoryImpl.java:136)
	at org.postgresql.core.v3.ConnectionFactoryImpl.openConnectionImpl(ConnectionFactoryImpl.java:262)
	... 12 more
2025-05-09 00:16:41.366 [main] ERROR - Stack trace
Data upload failed
	at database.DatabaseManager.uploadData(DatabaseManager.java:194)
	at database.CollectionManager.uploadData(CollectionManager.java:380)
	at network.Processor.init(Processor.java:54)
	at network.Transporter.init(Transporter.java:49)
	at iostream.Main.main(Main.java:23)
2025-05-09 00:16:51.061 [main] ERROR - Stack trace
org.postgresql.util.PSQLException: Connection to localhost:5656 refused. Check that the hostname and port are correct and that the postmaster is accepting TCP/IP connections.
	at org.postgresql.core.v3.ConnectionFactoryImpl.openConnectionImpl(ConnectionFactoryImpl.java:346)
	at org.postgresql.core.ConnectionFactory.openConnection(ConnectionFactory.java:54)
	at org.postgresql.jdbc.PgConnection.<init>(PgConnection.java:273)
	at org.postgresql.Driver.makeConnection(Driver.java:446)
	at org.postgresql.Driver.connect(Driver.java:298)
	at java.sql/java.sql.DriverManager.getConnection(DriverManager.java:681)
	at java.sql/java.sql.DriverManager.getConnection(DriverManager.java:229)
	at database.ConnectionCreator.getConnection(ConnectionCreator.java:45)
	at database.DatabaseManager.uploadData(DatabaseManager.java:189)
	at database.CollectionManager.uploadData(CollectionManager.java:380)
	at network.Processor.init(Processor.java:54)
	at network.Transporter.init(Transporter.java:49)
	at iostream.Main.main(Main.java:23)
Caused by: java.net.ConnectException: Connection refused
	at java.base/sun.nio.ch.Net.pollConnect(Native Method)
	at java.base/sun.nio.ch.Net.pollConnectNow(Net.java:672)
	at java.base/sun.nio.ch.NioSocketImpl.timedFinishConnect(NioSocketImpl.java:547)
	at java.base/sun.nio.ch.NioSocketImpl.connect(NioSocketImpl.java:602)
	at java.base/java.net.SocksSocketImpl.connect(SocksSocketImpl.java:327)
	at java.base/java.net.Socket.connect(Socket.java:633)
	at org.postgresql.core.PGStream.createSocket(PGStream.java:243)
	at org.postgresql.core.PGStream.<init>(PGStream.java:98)
	at org.postgresql.core.v3.ConnectionFactoryImpl.tryConnect(ConnectionFactoryImpl.java:136)
	at org.postgresql.core.v3.ConnectionFactoryImpl.openConnectionImpl(ConnectionFactoryImpl.java:262)
	... 12 more
2025-05-09 00:16:51.062 [main] ERROR - Stack trace
Data upload failed
	at database.DatabaseManager.uploadData(DatabaseManager.java:194)
	at database.CollectionManager.uploadData(CollectionManager.java:380)
	at network.Processor.init(Processor.java:54)
	at network.Transporter.init(Transporter.java:49)
	at iostream.Main.main(Main.java:23)
2025-05-13 18:33:24.870 [ForkJoinPool-1-worker-1] ERROR - Stack trace
org.postgresql.util.PSQLException: Connection to localhost:5656 refused. Check that the hostname and port are correct and that the postmaster is accepting TCP/IP connections.
	at org.postgresql.core.v3.ConnectionFactoryImpl.openConnectionImpl(ConnectionFactoryImpl.java:346)
	at org.postgresql.core.ConnectionFactory.openConnection(ConnectionFactory.java:54)
	at org.postgresql.jdbc.PgConnection.<init>(PgConnection.java:273)
	at org.postgresql.Driver.makeConnection(Driver.java:446)
	at org.postgresql.Driver.connect(Driver.java:298)
	at java.sql/java.sql.DriverManager.getConnection(DriverManager.java:681)
	at java.sql/java.sql.DriverManager.getConnection(DriverManager.java:229)
	at database.ConnectionCreator.getConnection(ConnectionCreator.java:45)
	at database.ClientAccountWorker.checkAccount(ClientAccountWorker.java:42)
	at handler.Receiver.sign_in(Receiver.java:42)
	at commands.SignInCommand.execute(SignInCommand.java:41)
	at handler.Invoker.call(Invoker.java:32)
	at network.Processor.processCommandFromUser(Processor.java:76)
	at network.Processor.call(Processor.java:100)
	at network.Processor.call(Processor.java:26)
	at java.base/java.util.concurrent.ForkJoinTask$AdaptedCallable.exec(ForkJoinTask.java:1428)
	at java.base/java.util.concurrent.ForkJoinTask.doExec(ForkJoinTask.java:373)
	at java.base/java.util.concurrent.ForkJoinPool$WorkQueue.topLevelExec(ForkJoinPool.java:1182)
	at java.base/java.util.concurrent.ForkJoinPool.scan(ForkJoinPool.java:1655)
	at java.base/java.util.concurrent.ForkJoinPool.runWorker(ForkJoinPool.java:1622)
	at java.base/java.util.concurrent.ForkJoinWorkerThread.run(ForkJoinWorkerThread.java:165)
Caused by: java.net.ConnectException: Connection refused
	at java.base/sun.nio.ch.Net.pollConnect(Native Method)
	at java.base/sun.nio.ch.Net.pollConnectNow(Net.java:672)
	at java.base/sun.nio.ch.NioSocketImpl.timedFinishConnect(NioSocketImpl.java:547)
	at java.base/sun.nio.ch.NioSocketImpl.connect(NioSocketImpl.java:602)
	at java.base/java.net.SocksSocketImpl.connect(SocksSocketImpl.java:327)
	at java.base/java.net.Socket.connect(Socket.java:633)
	at org.postgresql.core.PGStream.createSocket(PGStream.java:243)
	at org.postgresql.core.PGStream.<init>(PGStream.java:98)
	at org.postgresql.core.v3.ConnectionFactoryImpl.tryConnect(ConnectionFactoryImpl.java:136)
	at org.postgresql.core.v3.ConnectionFactoryImpl.openConnectionImpl(ConnectionFactoryImpl.java:262)
	... 20 more
2025-05-13 18:33:31.618 [ForkJoinPool-1-worker-1] ERROR - Stack trace
org.postgresql.util.PSQLException: Connection to localhost:5656 refused. Check that the hostname and port are correct and that the postmaster is accepting TCP/IP connections.
	at org.postgresql.core.v3.ConnectionFactoryImpl.openConnectionImpl(ConnectionFactoryImpl.java:346)
	at org.postgresql.core.ConnectionFactory.openConnection(ConnectionFactory.java:54)
	at org.postgresql.jdbc.PgConnection.<init>(PgConnection.java:273)
	at org.postgresql.Driver.makeConnection(Driver.java:446)
	at org.postgresql.Driver.connect(Driver.java:298)
	at java.sql/java.sql.DriverManager.getConnection(DriverManager.java:681)
	at java.sql/java.sql.DriverManager.getConnection(DriverManager.java:229)
	at database.ConnectionCreator.getConnection(ConnectionCreator.java:45)
	at database.ClientAccountWorker.checkAccount(ClientAccountWorker.java:42)
	at handler.Receiver.sign_in(Receiver.java:42)
	at commands.SignInCommand.execute(SignInCommand.java:41)
	at handler.Invoker.call(Invoker.java:32)
	at network.Processor.processCommandFromUser(Processor.java:76)
	at network.Processor.call(Processor.java:100)
	at network.Processor.call(Processor.java:26)
	at java.base/java.util.concurrent.ForkJoinTask$AdaptedCallable.exec(ForkJoinTask.java:1428)
	at java.base/java.util.concurrent.ForkJoinTask.doExec(ForkJoinTask.java:373)
	at java.base/java.util.concurrent.ForkJoinPool$WorkQueue.topLevelExec(ForkJoinPool.java:1182)
	at java.base/java.util.concurrent.ForkJoinPool.scan(ForkJoinPool.java:1655)
	at java.base/java.util.concurrent.ForkJoinPool.runWorker(ForkJoinPool.java:1622)
	at java.base/java.util.concurrent.ForkJoinWorkerThread.run(ForkJoinWorkerThread.java:165)
Caused by: java.net.ConnectException: Connection refused
	at java.base/sun.nio.ch.Net.pollConnect(Native Method)
	at java.base/sun.nio.ch.Net.pollConnectNow(Net.java:672)
	at java.base/sun.nio.ch.NioSocketImpl.timedFinishConnect(NioSocketImpl.java:547)
	at java.base/sun.nio.ch.NioSocketImpl.connect(NioSocketImpl.java:602)
	at java.base/java.net.SocksSocketImpl.connect(SocksSocketImpl.java:327)
	at java.base/java.net.Socket.connect(Socket.java:633)
	at org.postgresql.core.PGStream.createSocket(PGStream.java:243)
	at org.postgresql.core.PGStream.<init>(PGStream.java:98)
	at org.postgresql.core.v3.ConnectionFactoryImpl.tryConnect(ConnectionFactoryImpl.java:136)
	at org.postgresql.core.v3.ConnectionFactoryImpl.openConnectionImpl(ConnectionFactoryImpl.java:262)
	... 20 more
2025-05-13 18:34:17.075 [main] ERROR - Stack trace
org.postgresql.util.PSQLException: Connection to localhost:5656 refused. Check that the hostname and port are correct and that the postmaster is accepting TCP/IP connections.
	at org.postgresql.core.v3.ConnectionFactoryImpl.openConnectionImpl(ConnectionFactoryImpl.java:346)
	at org.postgresql.core.ConnectionFactory.openConnection(ConnectionFactory.java:54)
	at org.postgresql.jdbc.PgConnection.<init>(PgConnection.java:273)
	at org.postgresql.Driver.makeConnection(Driver.java:446)
	at org.postgresql.Driver.connect(Driver.java:298)
	at java.sql/java.sql.DriverManager.getConnection(DriverManager.java:681)
	at java.sql/java.sql.DriverManager.getConnection(DriverManager.java:229)
	at database.ConnectionCreator.getConnection(ConnectionCreator.java:45)
	at database.DatabaseManager.uploadData(DatabaseManager.java:189)
	at database.CollectionManager.uploadData(CollectionManager.java:381)
	at network.Processor.init(Processor.java:54)
	at network.Transporter.init(Transporter.java:49)
	at iostream.Main.main(Main.java:23)
Caused by: java.net.ConnectException: Connection refused
	at java.base/sun.nio.ch.Net.pollConnect(Native Method)
	at java.base/sun.nio.ch.Net.pollConnectNow(Net.java:672)
	at java.base/sun.nio.ch.NioSocketImpl.timedFinishConnect(NioSocketImpl.java:547)
	at java.base/sun.nio.ch.NioSocketImpl.connect(NioSocketImpl.java:602)
	at java.base/java.net.SocksSocketImpl.connect(SocksSocketImpl.java:327)
	at java.base/java.net.Socket.connect(Socket.java:633)
	at org.postgresql.core.PGStream.createSocket(PGStream.java:243)
	at org.postgresql.core.PGStream.<init>(PGStream.java:98)
	at org.postgresql.core.v3.ConnectionFactoryImpl.tryConnect(ConnectionFactoryImpl.java:136)
	at org.postgresql.core.v3.ConnectionFactoryImpl.openConnectionImpl(ConnectionFactoryImpl.java:262)
	... 12 more
2025-05-13 18:34:17.076 [main] ERROR - Stack trace
Data upload failed
	at database.DatabaseManager.uploadData(DatabaseManager.java:194)
	at database.CollectionManager.uploadData(CollectionManager.java:381)
	at network.Processor.init(Processor.java:54)
	at network.Transporter.init(Transporter.java:49)
	at iostream.Main.main(Main.java:23)
2025-05-14 16:16:15.982 [main] ERROR - Stack trace
org.postgresql.util.PSQLException: Connection to localhost:5656 refused. Check that the hostname and port are correct and that the postmaster is accepting TCP/IP connections.
	at org.postgresql.core.v3.ConnectionFactoryImpl.openConnectionImpl(ConnectionFactoryImpl.java:346)
	at org.postgresql.core.ConnectionFactory.openConnection(ConnectionFactory.java:54)
	at org.postgresql.jdbc.PgConnection.<init>(PgConnection.java:273)
	at org.postgresql.Driver.makeConnection(Driver.java:446)
	at org.postgresql.Driver.connect(Driver.java:298)
	at java.sql/java.sql.DriverManager.getConnection(DriverManager.java:681)
	at java.sql/java.sql.DriverManager.getConnection(DriverManager.java:229)
	at database.ConnectionCreator.getConnection(ConnectionCreator.java:45)
	at database.DatabaseManager.uploadData(DatabaseManager.java:189)
	at database.CollectionManager.uploadData(CollectionManager.java:318)
	at network.Processor.init(Processor.java:54)
	at network.Transporter.init(Transporter.java:49)
	at iostream.Main.main(Main.java:23)
Caused by: java.net.ConnectException: Connection refused
	at java.base/sun.nio.ch.Net.pollConnect(Native Method)
	at java.base/sun.nio.ch.Net.pollConnectNow(Net.java:672)
	at java.base/sun.nio.ch.NioSocketImpl.timedFinishConnect(NioSocketImpl.java:547)
	at java.base/sun.nio.ch.NioSocketImpl.connect(NioSocketImpl.java:602)
	at java.base/java.net.SocksSocketImpl.connect(SocksSocketImpl.java:327)
	at java.base/java.net.Socket.connect(Socket.java:633)
	at org.postgresql.core.PGStream.createSocket(PGStream.java:243)
	at org.postgresql.core.PGStream.<init>(PGStream.java:98)
	at org.postgresql.core.v3.ConnectionFactoryImpl.tryConnect(ConnectionFactoryImpl.java:136)
	at org.postgresql.core.v3.ConnectionFactoryImpl.openConnectionImpl(ConnectionFactoryImpl.java:262)
	... 12 more
2025-05-14 16:16:15.983 [main] ERROR - Stack trace
Data upload failed
	at database.DatabaseManager.uploadData(DatabaseManager.java:194)
	at database.CollectionManager.uploadData(CollectionManager.java:318)
	at network.Processor.init(Processor.java:54)
	at network.Transporter.init(Transporter.java:49)
	at iostream.Main.main(Main.java:23)
2025-05-14 18:49:13.352 [pool-2-thread-1] ERROR - Stack trace
java.lang.InterruptedException
	at java.base/java.util.concurrent.locks.AbstractQueuedSynchronizer$ConditionObject.await(AbstractQueuedSynchronizer.java:1645)
	at java.base/java.util.concurrent.LinkedBlockingQueue.take(LinkedBlockingQueue.java:435)
	at network.Sender.call(Sender.java:50)
	at network.Sender.call(Sender.java:16)
	at java.base/java.util.concurrent.FutureTask.run(FutureTask.java:264)
	at java.base/java.util.concurrent.ThreadPoolExecutor.runWorker(ThreadPoolExecutor.java:1136)
	at java.base/java.util.concurrent.ThreadPoolExecutor$Worker.run(ThreadPoolExecutor.java:635)
	at java.base/java.lang.Thread.run(Thread.java:840)
2025-05-14 18:51:13.811 [pool-2-thread-1] ERROR - Stack trace
java.lang.InterruptedException
	at java.base/java.util.concurrent.locks.AbstractQueuedSynchronizer$ConditionObject.await(AbstractQueuedSynchronizer.java:1645)
	at java.base/java.util.concurrent.LinkedBlockingQueue.take(LinkedBlockingQueue.java:435)
	at network.Sender.call(Sender.java:50)
	at network.Sender.call(Sender.java:16)
	at java.base/java.util.concurrent.FutureTask.run(FutureTask.java:264)
	at java.base/java.util.concurrent.ThreadPoolExecutor.runWorker(ThreadPoolExecutor.java:1136)
	at java.base/java.util.concurrent.ThreadPoolExecutor$Worker.run(ThreadPoolExecutor.java:635)
	at java.base/java.lang.Thread.run(Thread.java:840)
2025-05-14 18:53:18.187 [pool-2-thread-1] ERROR - Stack trace
java.lang.InterruptedException
	at java.base/java.util.concurrent.locks.AbstractQueuedSynchronizer$ConditionObject.await(AbstractQueuedSynchronizer.java:1645)
	at java.base/java.util.concurrent.LinkedBlockingQueue.take(LinkedBlockingQueue.java:435)
	at network.Sender.call(Sender.java:50)
	at network.Sender.call(Sender.java:16)
	at java.base/java.util.concurrent.FutureTask.run(FutureTask.java:264)
	at java.base/java.util.concurrent.ThreadPoolExecutor.runWorker(ThreadPoolExecutor.java:1136)
	at java.base/java.util.concurrent.ThreadPoolExecutor$Worker.run(ThreadPoolExecutor.java:635)
	at java.base/java.lang.Thread.run(Thread.java:840)
2025-05-14 18:55:52.242 [pool-2-thread-1] ERROR - Stack trace
java.lang.InterruptedException
	at java.base/java.util.concurrent.locks.AbstractQueuedSynchronizer$ConditionObject.await(AbstractQueuedSynchronizer.java:1645)
	at java.base/java.util.concurrent.LinkedBlockingQueue.take(LinkedBlockingQueue.java:435)
	at network.Sender.call(Sender.java:50)
	at network.Sender.call(Sender.java:16)
	at java.base/java.util.concurrent.FutureTask.run(FutureTask.java:264)
	at java.base/java.util.concurrent.ThreadPoolExecutor.runWorker(ThreadPoolExecutor.java:1136)
	at java.base/java.util.concurrent.ThreadPoolExecutor$Worker.run(ThreadPoolExecutor.java:635)
	at java.base/java.lang.Thread.run(Thread.java:840)
2025-05-14 18:58:20.930 [pool-2-thread-1] ERROR - Stack trace
java.lang.InterruptedException
	at java.base/java.util.concurrent.locks.AbstractQueuedSynchronizer$ConditionObject.await(AbstractQueuedSynchronizer.java:1645)
	at java.base/java.util.concurrent.LinkedBlockingQueue.take(LinkedBlockingQueue.java:435)
	at network.Sender.call(Sender.java:50)
	at network.Sender.call(Sender.java:16)
	at java.base/java.util.concurrent.FutureTask.run(FutureTask.java:264)
	at java.base/java.util.concurrent.ThreadPoolExecutor.runWorker(ThreadPoolExecutor.java:1136)
	at java.base/java.util.concurrent.ThreadPoolExecutor$Worker.run(ThreadPoolExecutor.java:635)
	at java.base/java.lang.Thread.run(Thread.java:840)
2025-05-14 18:58:58.471 [pool-2-thread-1] ERROR - Stack trace
java.lang.InterruptedException
	at java.base/java.util.concurrent.locks.AbstractQueuedSynchronizer$ConditionObject.await(AbstractQueuedSynchronizer.java:1645)
	at java.base/java.util.concurrent.LinkedBlockingQueue.take(LinkedBlockingQueue.java:435)
	at network.Sender.call(Sender.java:50)
	at network.Sender.call(Sender.java:16)
	at java.base/java.util.concurrent.FutureTask.run(FutureTask.java:264)
	at java.base/java.util.concurrent.ThreadPoolExecutor.runWorker(ThreadPoolExecutor.java:1136)
	at java.base/java.util.concurrent.ThreadPoolExecutor$Worker.run(ThreadPoolExecutor.java:635)
	at java.base/java.lang.Thread.run(Thread.java:840)
2025-05-14 19:05:24.295 [pool-2-thread-1] ERROR - Stack trace
java.lang.InterruptedException
	at java.base/java.util.concurrent.locks.AbstractQueuedSynchronizer$ConditionObject.await(AbstractQueuedSynchronizer.java:1645)
	at java.base/java.util.concurrent.LinkedBlockingQueue.take(LinkedBlockingQueue.java:435)
	at network.Sender.call(Sender.java:50)
	at network.Sender.call(Sender.java:16)
	at java.base/java.util.concurrent.FutureTask.run(FutureTask.java:264)
	at java.base/java.util.concurrent.ThreadPoolExecutor.runWorker(ThreadPoolExecutor.java:1136)
	at java.base/java.util.concurrent.ThreadPoolExecutor$Worker.run(ThreadPoolExecutor.java:635)
	at java.base/java.lang.Thread.run(Thread.java:840)
2025-05-14 19:06:28.415 [pool-2-thread-1] ERROR - Stack trace
java.lang.InterruptedException
	at java.base/java.util.concurrent.locks.AbstractQueuedSynchronizer$ConditionObject.await(AbstractQueuedSynchronizer.java:1645)
	at java.base/java.util.concurrent.LinkedBlockingQueue.take(LinkedBlockingQueue.java:435)
	at network.Sender.call(Sender.java:50)
	at network.Sender.call(Sender.java:16)
	at java.base/java.util.concurrent.FutureTask.run(FutureTask.java:264)
	at java.base/java.util.concurrent.ThreadPoolExecutor.runWorker(ThreadPoolExecutor.java:1136)
	at java.base/java.util.concurrent.ThreadPoolExecutor$Worker.run(ThreadPoolExecutor.java:635)
	at java.base/java.lang.Thread.run(Thread.java:840)
2025-05-14 19:07:28.279 [pool-2-thread-2] ERROR - Stack trace
java.lang.InterruptedException
	at java.base/java.util.concurrent.locks.AbstractQueuedSynchronizer$ConditionObject.await(AbstractQueuedSynchronizer.java:1645)
	at java.base/java.util.concurrent.LinkedBlockingQueue.take(LinkedBlockingQueue.java:435)
	at network.Sender.call(Sender.java:50)
	at network.Sender.call(Sender.java:16)
	at java.base/java.util.concurrent.FutureTask.run(FutureTask.java:264)
	at java.base/java.util.concurrent.ThreadPoolExecutor.runWorker(ThreadPoolExecutor.java:1136)
	at java.base/java.util.concurrent.ThreadPoolExecutor$Worker.run(ThreadPoolExecutor.java:635)
	at java.base/java.lang.Thread.run(Thread.java:840)
2025-05-14 19:09:16.272 [pool-2-thread-2] ERROR - Stack trace
java.lang.InterruptedException
	at java.base/java.util.concurrent.locks.AbstractQueuedSynchronizer$ConditionObject.await(AbstractQueuedSynchronizer.java:1645)
	at java.base/java.util.concurrent.LinkedBlockingQueue.take(LinkedBlockingQueue.java:435)
	at network.Sender.call(Sender.java:50)
	at network.Sender.call(Sender.java:16)
	at java.base/java.util.concurrent.FutureTask.run(FutureTask.java:264)
	at java.base/java.util.concurrent.ThreadPoolExecutor.runWorker(ThreadPoolExecutor.java:1136)
	at java.base/java.util.concurrent.ThreadPoolExecutor$Worker.run(ThreadPoolExecutor.java:635)
	at java.base/java.lang.Thread.run(Thread.java:840)
2025-05-14 19:10:02.058 [pool-2-thread-1] ERROR - Stack trace
java.lang.InterruptedException
	at java.base/java.util.concurrent.locks.AbstractQueuedSynchronizer$ConditionObject.await(AbstractQueuedSynchronizer.java:1645)
	at java.base/java.util.concurrent.LinkedBlockingQueue.take(LinkedBlockingQueue.java:435)
	at network.Sender.call(Sender.java:50)
	at network.Sender.call(Sender.java:16)
	at java.base/java.util.concurrent.FutureTask.run(FutureTask.java:264)
	at java.base/java.util.concurrent.ThreadPoolExecutor.runWorker(ThreadPoolExecutor.java:1136)
	at java.base/java.util.concurrent.ThreadPoolExecutor$Worker.run(ThreadPoolExecutor.java:635)
	at java.base/java.lang.Thread.run(Thread.java:840)
2025-05-14 19:10:56.066 [pool-2-thread-1] ERROR - Stack trace
java.lang.InterruptedException
	at java.base/java.util.concurrent.locks.AbstractQueuedSynchronizer$ConditionObject.await(AbstractQueuedSynchronizer.java:1645)
	at java.base/java.util.concurrent.LinkedBlockingQueue.take(LinkedBlockingQueue.java:435)
	at network.Sender.call(Sender.java:50)
	at network.Sender.call(Sender.java:16)
	at java.base/java.util.concurrent.FutureTask.run(FutureTask.java:264)
	at java.base/java.util.concurrent.ThreadPoolExecutor.runWorker(ThreadPoolExecutor.java:1136)
	at java.base/java.util.concurrent.ThreadPoolExecutor$Worker.run(ThreadPoolExecutor.java:635)
	at java.base/java.lang.Thread.run(Thread.java:840)
2025-05-14 19:15:43.559 [pool-2-thread-2] ERROR - Stack trace
java.lang.InterruptedException
	at java.base/java.util.concurrent.locks.AbstractQueuedSynchronizer$ConditionObject.await(AbstractQueuedSynchronizer.java:1645)
	at java.base/java.util.concurrent.LinkedBlockingQueue.take(LinkedBlockingQueue.java:435)
	at network.Sender.call(Sender.java:50)
	at network.Sender.call(Sender.java:16)
	at java.base/java.util.concurrent.FutureTask.run(FutureTask.java:264)
	at java.base/java.util.concurrent.ThreadPoolExecutor.runWorker(ThreadPoolExecutor.java:1136)
	at java.base/java.util.concurrent.ThreadPoolExecutor$Worker.run(ThreadPoolExecutor.java:635)
	at java.base/java.lang.Thread.run(Thread.java:840)
2025-05-14 19:23:06.718 [pool-2-thread-2] ERROR - Stack trace
java.lang.InterruptedException
	at java.base/java.util.concurrent.locks.AbstractQueuedSynchronizer$ConditionObject.await(AbstractQueuedSynchronizer.java:1645)
	at java.base/java.util.concurrent.LinkedBlockingQueue.take(LinkedBlockingQueue.java:435)
	at network.Sender.call(Sender.java:50)
	at network.Sender.call(Sender.java:16)
	at java.base/java.util.concurrent.FutureTask.run(FutureTask.java:264)
	at java.base/java.util.concurrent.ThreadPoolExecutor.runWorker(ThreadPoolExecutor.java:1136)
	at java.base/java.util.concurrent.ThreadPoolExecutor$Worker.run(ThreadPoolExecutor.java:635)
	at java.base/java.lang.Thread.run(Thread.java:840)
2025-05-14 19:24:19.538 [pool-2-thread-2] ERROR - Stack trace
java.lang.InterruptedException
	at java.base/java.util.concurrent.locks.AbstractQueuedSynchronizer$ConditionObject.await(AbstractQueuedSynchronizer.java:1645)
	at java.base/java.util.concurrent.LinkedBlockingQueue.take(LinkedBlockingQueue.java:435)
	at network.Sender.call(Sender.java:50)
	at network.Sender.call(Sender.java:16)
	at java.base/java.util.concurrent.FutureTask.run(FutureTask.java:264)
	at java.base/java.util.concurrent.ThreadPoolExecutor.runWorker(ThreadPoolExecutor.java:1136)
	at java.base/java.util.concurrent.ThreadPoolExecutor$Worker.run(ThreadPoolExecutor.java:635)
	at java.base/java.lang.Thread.run(Thread.java:840)
2025-05-14 19:25:50.876 [pool-2-thread-2] ERROR - Stack trace
java.lang.InterruptedException
	at java.base/java.util.concurrent.locks.AbstractQueuedSynchronizer$ConditionObject.await(AbstractQueuedSynchronizer.java:1645)
	at java.base/java.util.concurrent.LinkedBlockingQueue.take(LinkedBlockingQueue.java:435)
	at network.Sender.call(Sender.java:50)
	at network.Sender.call(Sender.java:16)
	at java.base/java.util.concurrent.FutureTask.run(FutureTask.java:264)
	at java.base/java.util.concurrent.ThreadPoolExecutor.runWorker(ThreadPoolExecutor.java:1136)
	at java.base/java.util.concurrent.ThreadPoolExecutor$Worker.run(ThreadPoolExecutor.java:635)
	at java.base/java.lang.Thread.run(Thread.java:840)
2025-05-14 19:27:37.679 [pool-2-thread-2] ERROR - Stack trace
java.lang.InterruptedException
	at java.base/java.util.concurrent.locks.AbstractQueuedSynchronizer$ConditionObject.await(AbstractQueuedSynchronizer.java:1645)
	at java.base/java.util.concurrent.LinkedBlockingQueue.take(LinkedBlockingQueue.java:435)
	at network.Sender.call(Sender.java:50)
	at network.Sender.call(Sender.java:16)
	at java.base/java.util.concurrent.FutureTask.run(FutureTask.java:264)
	at java.base/java.util.concurrent.ThreadPoolExecutor.runWorker(ThreadPoolExecutor.java:1136)
	at java.base/java.util.concurrent.ThreadPoolExecutor$Worker.run(ThreadPoolExecutor.java:635)
	at java.base/java.lang.Thread.run(Thread.java:840)
2025-05-14 19:28:07.692 [pool-2-thread-2] ERROR - Stack trace
java.lang.InterruptedException
	at java.base/java.util.concurrent.locks.AbstractQueuedSynchronizer$ConditionObject.await(AbstractQueuedSynchronizer.java:1645)
	at java.base/java.util.concurrent.LinkedBlockingQueue.take(LinkedBlockingQueue.java:435)
	at network.Sender.call(Sender.java:50)
	at network.Sender.call(Sender.java:16)
	at java.base/java.util.concurrent.FutureTask.run(FutureTask.java:264)
	at java.base/java.util.concurrent.ThreadPoolExecutor.runWorker(ThreadPoolExecutor.java:1136)
	at java.base/java.util.concurrent.ThreadPoolExecutor$Worker.run(ThreadPoolExecutor.java:635)
	at java.base/java.lang.Thread.run(Thread.java:840)
2025-05-14 19:32:22.355 [pool-2-thread-2] ERROR - Stack trace
java.lang.InterruptedException
	at java.base/java.util.concurrent.locks.AbstractQueuedSynchronizer$ConditionObject.await(AbstractQueuedSynchronizer.java:1645)
	at java.base/java.util.concurrent.LinkedBlockingQueue.take(LinkedBlockingQueue.java:435)
	at network.Sender.call(Sender.java:50)
	at network.Sender.call(Sender.java:16)
	at java.base/java.util.concurrent.FutureTask.run(FutureTask.java:264)
	at java.base/java.util.concurrent.ThreadPoolExecutor.runWorker(ThreadPoolExecutor.java:1136)
	at java.base/java.util.concurrent.ThreadPoolExecutor$Worker.run(ThreadPoolExecutor.java:635)
	at java.base/java.lang.Thread.run(Thread.java:840)
2025-05-14 19:33:50.165 [pool-2-thread-2] ERROR - Stack trace
java.lang.InterruptedException
	at java.base/java.util.concurrent.locks.AbstractQueuedSynchronizer$ConditionObject.await(AbstractQueuedSynchronizer.java:1645)
	at java.base/java.util.concurrent.LinkedBlockingQueue.take(LinkedBlockingQueue.java:435)
	at network.Sender.call(Sender.java:50)
	at network.Sender.call(Sender.java:16)
	at java.base/java.util.concurrent.FutureTask.run(FutureTask.java:264)
	at java.base/java.util.concurrent.ThreadPoolExecutor.runWorker(ThreadPoolExecutor.java:1136)
	at java.base/java.util.concurrent.ThreadPoolExecutor$Worker.run(ThreadPoolExecutor.java:635)
	at java.base/java.lang.Thread.run(Thread.java:840)
2025-05-14 19:36:33.038 [pool-2-thread-2] ERROR - Stack trace
java.lang.InterruptedException
	at java.base/java.util.concurrent.locks.AbstractQueuedSynchronizer$ConditionObject.await(AbstractQueuedSynchronizer.java:1645)
	at java.base/java.util.concurrent.LinkedBlockingQueue.take(LinkedBlockingQueue.java:435)
	at network.Sender.call(Sender.java:50)
	at network.Sender.call(Sender.java:16)
	at java.base/java.util.concurrent.FutureTask.run(FutureTask.java:264)
	at java.base/java.util.concurrent.ThreadPoolExecutor.runWorker(ThreadPoolExecutor.java:1136)
	at java.base/java.util.concurrent.ThreadPoolExecutor$Worker.run(ThreadPoolExecutor.java:635)
	at java.base/java.lang.Thread.run(Thread.java:840)
2025-05-14 19:37:32.520 [pool-2-thread-2] ERROR - Stack trace
java.lang.InterruptedException
	at java.base/java.util.concurrent.locks.AbstractQueuedSynchronizer$ConditionObject.await(AbstractQueuedSynchronizer.java:1645)
	at java.base/java.util.concurrent.LinkedBlockingQueue.take(LinkedBlockingQueue.java:435)
	at network.Sender.call(Sender.java:50)
	at network.Sender.call(Sender.java:16)
	at java.base/java.util.concurrent.FutureTask.run(FutureTask.java:264)
	at java.base/java.util.concurrent.ThreadPoolExecutor.runWorker(ThreadPoolExecutor.java:1136)
	at java.base/java.util.concurrent.ThreadPoolExecutor$Worker.run(ThreadPoolExecutor.java:635)
	at java.base/java.lang.Thread.run(Thread.java:840)
2025-05-14 19:37:56.167 [pool-2-thread-1] ERROR - Stack trace
java.io.NotSerializableException: main_objects.Instruction
	at java.base/java.io.ObjectOutputStream.writeObject0(ObjectOutputStream.java:1187)
	at java.base/java.io.ObjectOutputStream.writeObject(ObjectOutputStream.java:350)
	at java.base/java.util.ArrayList.writeObject(ArrayList.java:866)
	at java.base/jdk.internal.reflect.NativeMethodAccessorImpl.invoke0(Native Method)
	at java.base/jdk.internal.reflect.NativeMethodAccessorImpl.invoke(NativeMethodAccessorImpl.java:77)
	at java.base/jdk.internal.reflect.DelegatingMethodAccessorImpl.invoke(DelegatingMethodAccessorImpl.java:43)
	at java.base/java.lang.reflect.Method.invoke(Method.java:569)
	at java.base/java.io.ObjectStreamClass.invokeWriteObject(ObjectStreamClass.java:1070)
	at java.base/java.io.ObjectOutputStream.writeSerialData(ObjectOutputStream.java:1516)
	at java.base/java.io.ObjectOutputStream.writeOrdinaryObject(ObjectOutputStream.java:1438)
	at java.base/java.io.ObjectOutputStream.writeObject0(ObjectOutputStream.java:1181)
	at java.base/java.io.ObjectOutputStream.defaultWriteFields(ObjectOutputStream.java:1572)
	at java.base/java.io.ObjectOutputStream.writeSerialData(ObjectOutputStream.java:1529)
	at java.base/java.io.ObjectOutputStream.writeOrdinaryObject(ObjectOutputStream.java:1438)
	at java.base/java.io.ObjectOutputStream.writeObject0(ObjectOutputStream.java:1181)
	at java.base/java.io.ObjectOutputStream.writeObject(ObjectOutputStream.java:350)
	at network.Sender.sendAResponse(Sender.java:30)
	at network.Sender.call(Sender.java:51)
	at network.Sender.call(Sender.java:16)
	at java.base/java.util.concurrent.FutureTask.run(FutureTask.java:264)
	at java.base/java.util.concurrent.ThreadPoolExecutor.runWorker(ThreadPoolExecutor.java:1136)
	at java.base/java.util.concurrent.ThreadPoolExecutor$Worker.run(ThreadPoolExecutor.java:635)
	at java.base/java.lang.Thread.run(Thread.java:840)
2025-05-14 19:39:14.520 [pool-2-thread-1] ERROR - Stack trace
java.io.NotSerializableException: main_objects.Instruction
	at java.base/java.io.ObjectOutputStream.writeObject0(ObjectOutputStream.java:1187)
	at java.base/java.io.ObjectOutputStream.writeObject(ObjectOutputStream.java:350)
	at java.base/java.util.ArrayList.writeObject(ArrayList.java:866)
	at java.base/jdk.internal.reflect.NativeMethodAccessorImpl.invoke0(Native Method)
	at java.base/jdk.internal.reflect.NativeMethodAccessorImpl.invoke(NativeMethodAccessorImpl.java:77)
	at java.base/jdk.internal.reflect.DelegatingMethodAccessorImpl.invoke(DelegatingMethodAccessorImpl.java:43)
	at java.base/java.lang.reflect.Method.invoke(Method.java:569)
	at java.base/java.io.ObjectStreamClass.invokeWriteObject(ObjectStreamClass.java:1070)
	at java.base/java.io.ObjectOutputStream.writeSerialData(ObjectOutputStream.java:1516)
	at java.base/java.io.ObjectOutputStream.writeOrdinaryObject(ObjectOutputStream.java:1438)
	at java.base/java.io.ObjectOutputStream.writeObject0(ObjectOutputStream.java:1181)
	at java.base/java.io.ObjectOutputStream.defaultWriteFields(ObjectOutputStream.java:1572)
	at java.base/java.io.ObjectOutputStream.writeSerialData(ObjectOutputStream.java:1529)
	at java.base/java.io.ObjectOutputStream.writeOrdinaryObject(ObjectOutputStream.java:1438)
	at java.base/java.io.ObjectOutputStream.writeObject0(ObjectOutputStream.java:1181)
	at java.base/java.io.ObjectOutputStream.writeObject(ObjectOutputStream.java:350)
	at network.Sender.sendAResponse(Sender.java:30)
	at network.Sender.call(Sender.java:51)
	at network.Sender.call(Sender.java:16)
	at java.base/java.util.concurrent.FutureTask.run(FutureTask.java:264)
	at java.base/java.util.concurrent.ThreadPoolExecutor.runWorker(ThreadPoolExecutor.java:1136)
	at java.base/java.util.concurrent.ThreadPoolExecutor$Worker.run(ThreadPoolExecutor.java:635)
	at java.base/java.lang.Thread.run(Thread.java:840)
2025-05-15 02:56:01.383 [pool-2-thread-2] ERROR - Stack trace
java.lang.InterruptedException
	at java.base/java.util.concurrent.locks.AbstractQueuedSynchronizer$ConditionObject.await(AbstractQueuedSynchronizer.java:1645)
	at java.base/java.util.concurrent.LinkedBlockingQueue.take(LinkedBlockingQueue.java:435)
	at network.Sender.call(Sender.java:50)
	at network.Sender.call(Sender.java:16)
	at java.base/java.util.concurrent.FutureTask.run(FutureTask.java:264)
	at java.base/java.util.concurrent.ThreadPoolExecutor.runWorker(ThreadPoolExecutor.java:1136)
	at java.base/java.util.concurrent.ThreadPoolExecutor$Worker.run(ThreadPoolExecutor.java:635)
	at java.base/java.lang.Thread.run(Thread.java:840)
2025-05-15 02:58:47.079 [pool-2-thread-2] ERROR - Stack trace
java.lang.InterruptedException
	at java.base/java.util.concurrent.locks.AbstractQueuedSynchronizer$ConditionObject.await(AbstractQueuedSynchronizer.java:1645)
	at java.base/java.util.concurrent.LinkedBlockingQueue.take(LinkedBlockingQueue.java:435)
	at network.Sender.call(Sender.java:50)
	at network.Sender.call(Sender.java:16)
	at java.base/java.util.concurrent.FutureTask.run(FutureTask.java:264)
	at java.base/java.util.concurrent.ThreadPoolExecutor.runWorker(ThreadPoolExecutor.java:1136)
	at java.base/java.util.concurrent.ThreadPoolExecutor$Worker.run(ThreadPoolExecutor.java:635)
	at java.base/java.lang.Thread.run(Thread.java:840)
2025-05-15 02:59:32.769 [pool-2-thread-1] ERROR - Stack trace
java.lang.InterruptedException
	at java.base/java.util.concurrent.locks.AbstractQueuedSynchronizer$ConditionObject.await(AbstractQueuedSynchronizer.java:1645)
	at java.base/java.util.concurrent.LinkedBlockingQueue.take(LinkedBlockingQueue.java:435)
	at network.Sender.call(Sender.java:50)
	at network.Sender.call(Sender.java:16)
	at java.base/java.util.concurrent.FutureTask.run(FutureTask.java:264)
	at java.base/java.util.concurrent.ThreadPoolExecutor.runWorker(ThreadPoolExecutor.java:1136)
	at java.base/java.util.concurrent.ThreadPoolExecutor$Worker.run(ThreadPoolExecutor.java:635)
	at java.base/java.lang.Thread.run(Thread.java:840)
2025-05-15 03:03:29.372 [pool-2-thread-1] ERROR - Stack trace
java.lang.InterruptedException
	at java.base/java.util.concurrent.locks.AbstractQueuedSynchronizer$ConditionObject.await(AbstractQueuedSynchronizer.java:1645)
	at java.base/java.util.concurrent.LinkedBlockingQueue.take(LinkedBlockingQueue.java:435)
	at network.Sender.call(Sender.java:50)
	at network.Sender.call(Sender.java:16)
	at java.base/java.util.concurrent.FutureTask.run(FutureTask.java:264)
	at java.base/java.util.concurrent.ThreadPoolExecutor.runWorker(ThreadPoolExecutor.java:1136)
	at java.base/java.util.concurrent.ThreadPoolExecutor$Worker.run(ThreadPoolExecutor.java:635)
	at java.base/java.lang.Thread.run(Thread.java:840)
2025-05-15 03:04:08.982 [pool-2-thread-1] ERROR - Stack trace
java.lang.InterruptedException
	at java.base/java.util.concurrent.locks.AbstractQueuedSynchronizer$ConditionObject.await(AbstractQueuedSynchronizer.java:1645)
	at java.base/java.util.concurrent.LinkedBlockingQueue.take(LinkedBlockingQueue.java:435)
	at network.Sender.call(Sender.java:50)
	at network.Sender.call(Sender.java:16)
	at java.base/java.util.concurrent.FutureTask.run(FutureTask.java:264)
	at java.base/java.util.concurrent.ThreadPoolExecutor.runWorker(ThreadPoolExecutor.java:1136)
	at java.base/java.util.concurrent.ThreadPoolExecutor$Worker.run(ThreadPoolExecutor.java:635)
	at java.base/java.lang.Thread.run(Thread.java:840)
2025-05-15 03:06:47.945 [pool-2-thread-2] ERROR - Stack trace
java.lang.InterruptedException
	at java.base/java.util.concurrent.locks.AbstractQueuedSynchronizer$ConditionObject.await(AbstractQueuedSynchronizer.java:1645)
	at java.base/java.util.concurrent.LinkedBlockingQueue.take(LinkedBlockingQueue.java:435)
	at network.Sender.call(Sender.java:50)
	at network.Sender.call(Sender.java:16)
	at java.base/java.util.concurrent.FutureTask.run(FutureTask.java:264)
	at java.base/java.util.concurrent.ThreadPoolExecutor.runWorker(ThreadPoolExecutor.java:1136)
	at java.base/java.util.concurrent.ThreadPoolExecutor$Worker.run(ThreadPoolExecutor.java:635)
	at java.base/java.lang.Thread.run(Thread.java:840)
2025-05-15 03:07:42.808 [pool-2-thread-2] ERROR - Stack trace
java.lang.InterruptedException
	at java.base/java.util.concurrent.locks.AbstractQueuedSynchronizer$ConditionObject.await(AbstractQueuedSynchronizer.java:1645)
	at java.base/java.util.concurrent.LinkedBlockingQueue.take(LinkedBlockingQueue.java:435)
	at network.Sender.call(Sender.java:50)
	at network.Sender.call(Sender.java:16)
	at java.base/java.util.concurrent.FutureTask.run(FutureTask.java:264)
	at java.base/java.util.concurrent.ThreadPoolExecutor.runWorker(ThreadPoolExecutor.java:1136)
	at java.base/java.util.concurrent.ThreadPoolExecutor$Worker.run(ThreadPoolExecutor.java:635)
	at java.base/java.lang.Thread.run(Thread.java:840)
2025-05-15 03:09:23.677 [pool-2-thread-2] ERROR - Stack trace
java.lang.InterruptedException
	at java.base/java.util.concurrent.locks.AbstractQueuedSynchronizer$ConditionObject.await(AbstractQueuedSynchronizer.java:1645)
	at java.base/java.util.concurrent.LinkedBlockingQueue.take(LinkedBlockingQueue.java:435)
	at network.Sender.call(Sender.java:50)
	at network.Sender.call(Sender.java:16)
	at java.base/java.util.concurrent.FutureTask.run(FutureTask.java:264)
	at java.base/java.util.concurrent.ThreadPoolExecutor.runWorker(ThreadPoolExecutor.java:1136)
	at java.base/java.util.concurrent.ThreadPoolExecutor$Worker.run(ThreadPoolExecutor.java:635)
	at java.base/java.lang.Thread.run(Thread.java:840)
2025-05-15 03:11:58.305 [pool-2-thread-1] ERROR - Stack trace
java.lang.InterruptedException
	at java.base/java.util.concurrent.locks.AbstractQueuedSynchronizer$ConditionObject.await(AbstractQueuedSynchronizer.java:1645)
	at java.base/java.util.concurrent.LinkedBlockingQueue.take(LinkedBlockingQueue.java:435)
	at network.Sender.call(Sender.java:50)
	at network.Sender.call(Sender.java:16)
	at java.base/java.util.concurrent.FutureTask.run(FutureTask.java:264)
	at java.base/java.util.concurrent.ThreadPoolExecutor.runWorker(ThreadPoolExecutor.java:1136)
	at java.base/java.util.concurrent.ThreadPoolExecutor$Worker.run(ThreadPoolExecutor.java:635)
	at java.base/java.lang.Thread.run(Thread.java:840)
