19-02-2025 23:56:54.861 [main] ERROR - Stack Trace:
java.io.FileNotFoundException: asdfasf (No such file or directory)
	at java.base/java.io.FileInputStream.open0(Native Method)
	at java.base/java.io.FileInputStream.open(FileInputStream.java:216)
	at java.base/java.io.FileInputStream.<init>(FileInputStream.java:157)
	at java.base/java.io.FileInputStream.<init>(FileInputStream.java:111)
	at io_utilities.working_with_input.InputReader.setReader(InputReader.java:15)
	at read_mode.FileReaderMode.executeMode(FileReaderMode.java:43)
	at read_mode.ModeManager.call(ModeManager.java:25)
	at iostream.Handler.process(Handler.java:95)
	at iostream.Handler.run(Handler.java:70)
	at iostream.Main.main(Main.java:9)
20-02-2025 00:13:41.706 [main] ERROR - Stack Trace:
java.lang.NumberFormatException: For input string: "asdf"
	at java.base/java.lang.NumberFormatException.forInputString(NumberFormatException.java:67)
	at java.base/java.lang.Integer.parseInt(Integer.java:668)
	at java.base/java.lang.Integer.parseInt(Integer.java:786)
	at io_utilities.working_with_input.InputChecker.checkIntegerNumber(InputChecker.java:27)
	at io_utilities.working_with_input.GroupInputChecker.checkX(GroupInputChecker.java:12)
	at io_utilities.working_with_input.ObjInputChecker.checkInputForGroupConsole(ObjInputChecker.java:15)
	at read_mode.ConsoleReaderMode.getInputFromUserForGroup(ConsoleReaderMode.java:71)
	at read_mode.ConsoleReaderMode.build(ConsoleReaderMode.java:36)
	at read_mode.ConsoleReaderMode.executeMode(ConsoleReaderMode.java:118)
	at read_mode.ModeManager.call(ModeManager.java:25)
	at iostream.Handler.process(Handler.java:95)
	at iostream.Handler.run(Handler.java:70)
	at iostream.Main.main(Main.java:19)
20-02-2025 00:18:25.869 [main] ERROR - Stack Trace:
java.lang.NumberFormatException: For input string: "ssdf"
	at java.base/java.lang.NumberFormatException.forInputString(NumberFormatException.java:67)
	at java.base/java.lang.Integer.parseInt(Integer.java:668)
	at java.base/java.lang.Integer.parseInt(Integer.java:786)
	at io_utilities.working_with_input.GroupInputChecker.checkY(GroupInputChecker.java:16)
	at io_utilities.working_with_input.ObjInputChecker.checkInputForGroupConsole(ObjInputChecker.java:16)
	at read_mode.ConsoleReaderMode.getInputFromUserForGroup(ConsoleReaderMode.java:71)
	at read_mode.ConsoleReaderMode.build(ConsoleReaderMode.java:37)
	at read_mode.ConsoleReaderMode.executeMode(ConsoleReaderMode.java:118)
	at read_mode.ModeManager.call(ModeManager.java:25)
	at iostream.Handler.process(Handler.java:95)
	at iostream.Handler.run(Handler.java:70)
	at iostream.Main.main(Main.java:17)
20-02-2025 00:27:19.595 [main] ERROR - Stack Trace:
java.io.FileNotFoundException: asdfasdf (No such file or directory)
	at java.base/java.io.FileInputStream.open0(Native Method)
	at java.base/java.io.FileInputStream.open(FileInputStream.java:216)
	at java.base/java.io.FileInputStream.<init>(FileInputStream.java:157)
	at java.base/java.io.FileInputStream.<init>(FileInputStream.java:111)
	at io_utilities.working_with_input.InputReader.setReader(InputReader.java:15)
	at read_mode.FileReaderMode.executeMode(FileReaderMode.java:43)
	at read_mode.ModeManager.call(ModeManager.java:25)
	at iostream.Handler.process(Handler.java:95)
	at iostream.Handler.run(Handler.java:70)
	at iostream.Main.main(Main.java:17)
20-02-2025 00:40:41.765 [main] ERROR - Stack Trace:
java.io.FileNotFoundException: data_files/test.txt (No such file or directory)
	at java.base/java.io.FileInputStream.open0(Native Method)
	at java.base/java.io.FileInputStream.open(FileInputStream.java:216)
	at java.base/java.io.FileInputStream.<init>(FileInputStream.java:157)
	at java.base/java.io.FileInputStream.<init>(FileInputStream.java:111)
	at io_utilities.working_with_input.InputReader.setReader(InputReader.java:15)
	at read_mode.FileReaderMode.executeMode(FileReaderMode.java:43)
	at read_mode.ModeManager.call(ModeManager.java:25)
	at iostream.Handler.process(Handler.java:95)
	at iostream.Handler.run(Handler.java:70)
	at iostream.Main.main(Main.java:17)
20-02-2025 00:40:57.936 [main] ERROR - Stack Trace:
java.io.FileNotFoundException: /home/cun/IdeaProjects/Lab5/src/main/resources/test2.txt (No such file or directory)
	at java.base/java.io.FileInputStream.open0(Native Method)
	at java.base/java.io.FileInputStream.open(FileInputStream.java:216)
	at java.base/java.io.FileInputStream.<init>(FileInputStream.java:157)
	at java.base/java.io.FileInputStream.<init>(FileInputStream.java:111)
	at io_utilities.working_with_input.InputReader.setReader(InputReader.java:15)
	at read_mode.FileReaderMode.executeMode(FileReaderMode.java:43)
	at read_mode.FileReaderMode.executeMode(FileReaderMode.java:62)
	at read_mode.ModeManager.call(ModeManager.java:25)
	at iostream.Handler.process(Handler.java:95)
	at iostream.Handler.run(Handler.java:70)
	at iostream.Main.main(Main.java:17)
20-02-2025 01:22:46.332 [main] ERROR - Stack Trace:
java.lang.NullPointerException: Cannot invoke "java.lang.Integer.intValue()" because the return value of "java.util.LinkedHashMap.get(Object)" is null
	at read_mode.RecursionController.controlRecursion(RecursionController.java:26)
	at read_mode.FileReaderMode.executeMode(FileReaderMode.java:61)
	at read_mode.ModeManager.call(ModeManager.java:25)
	at iostream.Handler.process(Handler.java:95)
	at iostream.Handler.run(Handler.java:70)
	at iostream.Main.main(Main.java:17)
20-02-2025 01:25:03.748 [main] ERROR - Stack Trace:
java.lang.NullPointerException: Cannot invoke "java.lang.Integer.intValue()" because the return value of "java.util.LinkedHashMap.get(Object)" is null
	at read_mode.RecursionController.controlRecursion(RecursionController.java:30)
	at read_mode.FileReaderMode.executeMode(FileReaderMode.java:61)
	at read_mode.FileReaderMode.executeMode(FileReaderMode.java:62)
	at read_mode.ModeManager.call(ModeManager.java:25)
	at iostream.Handler.process(Handler.java:95)
	at iostream.Handler.run(Handler.java:70)
	at iostream.Main.main(Main.java:17)
20-02-2025 17:17:26.494 [main] ERROR - Stack Trace:
java.lang.NullPointerException: Cannot invoke "java.util.LinkedHashMap.containsKey(Object)" because "this.cyclePath" is null
	at read_mode.RecursionController.isFirstTimeDetected(RecursionController.java:66)
	at read_mode.FileReaderMode.process(FileReaderMode.java:128)
	at read_mode.FileReaderMode.process(FileReaderMode.java:141)
	at read_mode.FileReaderMode.executeMode(FileReaderMode.java:43)
	at read_mode.ModeManager.call(ModeManager.java:25)
	at iostream.Handler.process(Handler.java:95)
	at iostream.Handler.run(Handler.java:70)
	at iostream.Main.main(Main.java:17)
25-02-2025 00:30:10.504 [main] ERROR - Stack Trace:
java.io.FileNotFoundException: asdfasf (No such file or directory)
	at java.base/java.io.FileInputStream.open0(Native Method)
	at java.base/java.io.FileInputStream.open(FileInputStream.java:216)
	at java.base/java.io.FileInputStream.<init>(FileInputStream.java:157)
	at java.base/java.io.FileInputStream.<init>(FileInputStream.java:111)
	at io_utilities.working_with_input.InputReader.setReader(InputReader.java:28)
	at read_mode.FileReaderMode.process(FileReaderMode.java:173)
	at read_mode.FileReaderMode.executeMode(FileReaderMode.java:63)
	at read_mode.ModeManager.call(ModeManager.java:55)
	at iostream.Handler.process(Handler.java:128)
	at iostream.Handler.run(Handler.java:90)
	at iostream.Main.main(Main.java:33)
